<?xml version="1.0" encoding="UTF-8"?>
<testsuite name="ca.mcgill.ecse321group1.gamestore.Repository.StaffRepositoryTests" tests="1" skipped="0" failures="0" errors="0" timestamp="2024-12-01T23:53:36" hostname="Viveks-MacBook-Air.local" time="0.007">
  <properties/>
  <testcase name="testPersistAndLoadStaff()" classname="ca.mcgill.ecse321group1.gamestore.Repository.StaffRepositoryTests" time="0.007"/>
  <system-out><![CDATA[2024-12-01T18:53:36.340-05:00  INFO 45586 --- [gamestore] [    Test worker] t.c.s.AnnotationConfigContextLoaderUtils : Could not detect default configuration classes for test class [ca.mcgill.ecse321group1.gamestore.Repository.StaffRepositoryTests]: StaffRepositoryTests does not declare any static, non-private, non-final, nested classes annotated with @Configuration.
2024-12-01T18:53:36.341-05:00  INFO 45586 --- [gamestore] [    Test worker] .b.t.c.SpringBootTestContextBootstrapper : Found @SpringBootConfiguration ca.mcgill.ecse321group1.gamestore.GamestoreApplication for test class ca.mcgill.ecse321group1.gamestore.Repository.StaffRepositoryTests
]]></system-out>
  <system-err><![CDATA[]]></system-err>
</testsuite>
