<?xml version="1.0" encoding="UTF-8"?>
<testsuite name="ca.mcgill.ecse321group1.gamestore.repository.StaffRepositoryTests" tests="1" skipped="0" failures="0" errors="0" timestamp="2024-10-13T08:38:48" hostname="Alans-MacBook-Pro.local" time="0.015">
  <properties/>
  <testcase name="testPersistAndLoadStaff()" classname="ca.mcgill.ecse321group1.gamestore.repository.StaffRepositoryTests" time="0.015"/>
  <system-out><![CDATA[2024-10-13T04:38:48.751-04:00  INFO 77136 --- [gamestore] [    Test worker] t.c.s.AnnotationConfigContextLoaderUtils : Could not detect default configuration classes for test class [ca.mcgill.ecse321group1.gamestore.repository.StaffRepositoryTests]: StaffRepositoryTests does not declare any static, non-private, non-final, nested classes annotated with @Configuration.
2024-10-13T04:38:48.752-04:00  INFO 77136 --- [gamestore] [    Test worker] .b.t.c.SpringBootTestContextBootstrapper : Found @SpringBootConfiguration ca.mcgill.ecse321group1.gamestore.GamestoreApplication for test class ca.mcgill.ecse321group1.gamestore.repository.StaffRepositoryTests
]]></system-out>
  <system-err><![CDATA[]]></system-err>
</testsuite>
