<?xml version="1.0" encoding="UTF-8"?>
<testsuite name="ca.mcgill.ecse321group1.gamestore.repository.ReplyRepositoryTests" tests="1" skipped="0" failures="0" errors="0" timestamp="2024-10-12T08:53:40" hostname="Alans-MacBook-Pro.local" time="0.097">
  <properties/>
  <testcase name="testPersistAndLoadReply()" classname="ca.mcgill.ecse321group1.gamestore.repository.ReplyRepositoryTests" time="0.097"/>
  <system-out><![CDATA[2024-10-12T04:53:40.222-04:00  INFO 65719 --- [gamestore] [    Test worker] t.c.s.AnnotationConfigContextLoaderUtils : Could not detect default configuration classes for test class [ca.mcgill.ecse321group1.gamestore.repository.ReplyRepositoryTests]: ReplyRepositoryTests does not declare any static, non-private, non-final, nested classes annotated with @Configuration.
2024-10-12T04:53:40.223-04:00  INFO 65719 --- [gamestore] [    Test worker] .b.t.c.SpringBootTestContextBootstrapper : Found @SpringBootConfiguration ca.mcgill.ecse321group1.gamestore.GamestoreApplication for test class ca.mcgill.ecse321group1.gamestore.repository.ReplyRepositoryTests
]]></system-out>
  <system-err><![CDATA[]]></system-err>
</testsuite>
