<?xml version="1.0" encoding="UTF-8"?>
<testsuite name="ca.mcgill.ecse321group1.gamestore.integration.CategoryIntegrationTests" tests="2" skipped="0" failures="0" errors="0" timestamp="2024-11-12T16:59:24" hostname="Ivans-MacBook-Air.local" time="0.575">
  <properties/>
  <testcase name="testCreateCategory()" classname="ca.mcgill.ecse321group1.gamestore.integration.CategoryIntegrationTests" time="0.557"/>
  <testcase name="getCategory()" classname="ca.mcgill.ecse321group1.gamestore.integration.CategoryIntegrationTests" time="0.017"/>
  <system-out><![CDATA[11:59:20.897 [Test worker] INFO org.springframework.test.context.support.AnnotationConfigContextLoaderUtils -- Could not detect default configuration classes for test class [ca.mcgill.ecse321group1.gamestore.integration.CategoryIntegrationTests]: CategoryIntegrationTests does not declare any static, non-private, non-final, nested classes annotated with @Configuration.
11:59:20.972 [Test worker] INFO org.springframework.boot.test.context.SpringBootTestContextBootstrapper -- Found @SpringBootConfiguration ca.mcgill.ecse321group1.gamestore.GamestoreApplication for test class ca.mcgill.ecse321group1.gamestore.integration.CategoryIntegrationTests

  .   ____          _            __ _ _
 /\\ / ___'_ __ _ _(_)_ __  __ _ \ \ \ \
( ( )\___ | '_ | '_| | '_ \/ _` | \ \ \ \
 \\/  ___)| |_)| | | | | || (_| |  ) ) ) )
  '  |____| .__|_| |_|_| |_\__, | / / / /
 =========|_|==============|___/=/_/_/_/

 :: Spring Boot ::                (v3.3.4)

2024-11-12T11:59:21.198-05:00  INFO 85974 --- [gamestore] [    Test worker] c.m.e.g.i.CategoryIntegrationTests       : Starting CategoryIntegrationTests using Java 21.0.5 with PID 85974 (started by izhang2 in /Users/izhang2/Files/McGill/ECSE321/project-group-1/GameStore-Backend)
2024-11-12T11:59:21.199-05:00  INFO 85974 --- [gamestore] [    Test worker] c.m.e.g.i.CategoryIntegrationTests       : No active profile set, falling back to 1 default profile: "default"
2024-11-12T11:59:21.659-05:00  INFO 85974 --- [gamestore] [    Test worker] .s.d.r.c.RepositoryConfigurationDelegate : Bootstrapping Spring Data JPA repositories in DEFAULT mode.
2024-11-12T11:59:21.701-05:00  INFO 85974 --- [gamestore] [    Test worker] .s.d.r.c.RepositoryConfigurationDelegate : Finished Spring Data repository scanning in 37 ms. Found 10 JPA repository interfaces.
2024-11-12T11:59:21.996-05:00  INFO 85974 --- [gamestore] [    Test worker] o.s.b.w.embedded.tomcat.TomcatWebServer  : Tomcat initialized with port 0 (http)
2024-11-12T11:59:22.006-05:00  INFO 85974 --- [gamestore] [    Test worker] o.apache.catalina.core.StandardService   : Starting service [Tomcat]
2024-11-12T11:59:22.006-05:00  INFO 85974 --- [gamestore] [    Test worker] o.apache.catalina.core.StandardEngine    : Starting Servlet engine: [Apache Tomcat/10.1.30]
2024-11-12T11:59:22.042-05:00  INFO 85974 --- [gamestore] [    Test worker] o.a.c.c.C.[Tomcat].[localhost].[/]       : Initializing Spring embedded WebApplicationContext
2024-11-12T11:59:22.043-05:00  INFO 85974 --- [gamestore] [    Test worker] w.s.c.ServletWebServerApplicationContext : Root WebApplicationContext: initialization completed in 828 ms
2024-11-12T11:59:22.141-05:00  INFO 85974 --- [gamestore] [    Test worker] o.hibernate.jpa.internal.util.LogHelper  : HHH000204: Processing PersistenceUnitInfo [name: default]
2024-11-12T11:59:22.183-05:00  INFO 85974 --- [gamestore] [    Test worker] org.hibernate.Version                    : HHH000412: Hibernate ORM core version 6.5.3.Final
2024-11-12T11:59:22.206-05:00  INFO 85974 --- [gamestore] [    Test worker] o.h.c.internal.RegionFactoryInitiator    : HHH000026: Second-level cache disabled
2024-11-12T11:59:22.421-05:00  INFO 85974 --- [gamestore] [    Test worker] o.s.o.j.p.SpringPersistenceUnitInfo      : No LoadTimeWeaver setup: ignoring JPA class transformer
2024-11-12T11:59:22.442-05:00  INFO 85974 --- [gamestore] [    Test worker] com.zaxxer.hikari.HikariDataSource       : HikariPool-1 - Starting...
2024-11-12T11:59:22.563-05:00  INFO 85974 --- [gamestore] [    Test worker] com.zaxxer.hikari.pool.HikariPool        : HikariPool-1 - Added connection org.postgresql.jdbc.PgConnection@30d0e28e
2024-11-12T11:59:22.564-05:00  INFO 85974 --- [gamestore] [    Test worker] com.zaxxer.hikari.HikariDataSource       : HikariPool-1 - Start completed.
2024-11-12T11:59:22.588-05:00  WARN 85974 --- [gamestore] [    Test worker] org.hibernate.orm.deprecation            : HHH90000025: PostgreSQLDialect does not need to be specified explicitly using 'hibernate.dialect' (remove the property setting and it will be selected by default)
2024-11-12T11:59:23.354-05:00  INFO 85974 --- [gamestore] [    Test worker] o.h.e.t.j.p.i.JtaPlatformInitiator       : HHH000489: No JTA platform available (set 'hibernate.transaction.jta.platform' to enable JTA platform integration)
2024-11-12T11:59:23.527-05:00  INFO 85974 --- [gamestore] [    Test worker] j.LocalContainerEntityManagerFactoryBean : Initialized JPA EntityManagerFactory for persistence unit 'default'
2024-11-12T11:59:23.863-05:00  WARN 85974 --- [gamestore] [    Test worker] JpaBaseConfiguration$JpaWebConfiguration : spring.jpa.open-in-view is enabled by default. Therefore, database queries may be performed during view rendering. Explicitly configure spring.jpa.open-in-view to disable this warning
2024-11-12T11:59:24.117-05:00  INFO 85974 --- [gamestore] [    Test worker] o.s.b.w.embedded.tomcat.TomcatWebServer  : Tomcat started on port 54810 (http) with context path '/'
2024-11-12T11:59:24.123-05:00  INFO 85974 --- [gamestore] [    Test worker] c.m.e.g.i.CategoryIntegrationTests       : Started CategoryIntegrationTests in 3.067 seconds (process running for 3.973)
2024-11-12T11:59:24.515-05:00  INFO 85974 --- [gamestore] [o-auto-1-exec-1] o.a.c.c.C.[Tomcat].[localhost].[/]       : Initializing Spring DispatcherServlet 'dispatcherServlet'
2024-11-12T11:59:24.515-05:00  INFO 85974 --- [gamestore] [o-auto-1-exec-1] o.s.web.servlet.DispatcherServlet        : Initializing Servlet 'dispatcherServlet'
2024-11-12T11:59:24.516-05:00  INFO 85974 --- [gamestore] [o-auto-1-exec-1] o.s.web.servlet.DispatcherServlet        : Completed initialization in 1 ms
]]></system-out>
  <system-err><![CDATA[WARNING: A Java agent has been loaded dynamically (/Users/izhang2/.gradle/caches/modules-2/files-2.1/net.bytebuddy/byte-buddy-agent/1.14.19/154da3a65b4f4a909d3e5bdec55d1b2b4cbb6ce1/byte-buddy-agent-1.14.19.jar)
WARNING: If a serviceability tool is in use, please run with -XX:+EnableDynamicAgentLoading to hide this warning
WARNING: If a serviceability tool is not in use, please run with -Djdk.instrument.traceUsage for more information
WARNING: Dynamic loading of agents will be disallowed by default in a future release
]]></system-err>
</testsuite>
