<?xml version="1.0" encoding="UTF-8"?>
<testsuite name="ca.mcgill.ecse321group1.gamestore.Service.ReviewServiceTests" tests="10" skipped="0" failures="0" errors="0" timestamp="2024-11-26T20:12:17" hostname="Zacharys-MacBook-Pro.local" time="0.121">
  <properties/>
  <testcase name="testGetAllReviewsVideoGame()" classname="ca.mcgill.ecse321group1.gamestore.Service.ReviewServiceTests" time="0.049"/>
  <testcase name="testCreateInvalidSecondReview()" classname="ca.mcgill.ecse321group1.gamestore.Service.ReviewServiceTests" time="0.006"/>
  <testcase name="testDeleteReviewByInvalidID()" classname="ca.mcgill.ecse321group1.gamestore.Service.ReviewServiceTests" time="0.006"/>
  <testcase name="testEditValidReview()" classname="ca.mcgill.ecse321group1.gamestore.Service.ReviewServiceTests" time="0.01"/>
  <testcase name="testEditReviewInvalidDescription()" classname="ca.mcgill.ecse321group1.gamestore.Service.ReviewServiceTests" time="0.004"/>
  <testcase name="testReadReviewByInvalidId()" classname="ca.mcgill.ecse321group1.gamestore.Service.ReviewServiceTests" time="0.004"/>
  <testcase name="testCreateInvalidGamelessReview()" classname="ca.mcgill.ecse321group1.gamestore.Service.ReviewServiceTests" time="0.005"/>
  <testcase name="testCreateValidReview()" classname="ca.mcgill.ecse321group1.gamestore.Service.ReviewServiceTests" time="0.003"/>
  <testcase name="testDeleteReviewByValidID()" classname="ca.mcgill.ecse321group1.gamestore.Service.ReviewServiceTests" time="0.003"/>
  <testcase name="testReadReviewByValidId()" classname="ca.mcgill.ecse321group1.gamestore.Service.ReviewServiceTests" time="0.003"/>
  <system-out><![CDATA[15:12:12.568 [Test worker] INFO org.springframework.test.context.support.AnnotationConfigContextLoaderUtils -- Could not detect default configuration classes for test class [ca.mcgill.ecse321group1.gamestore.Service.ReviewServiceTests]: ReviewServiceTests does not declare any static, non-private, non-final, nested classes annotated with @Configuration.
15:12:12.671 [Test worker] INFO org.springframework.boot.test.context.SpringBootTestContextBootstrapper -- Found @SpringBootConfiguration ca.mcgill.ecse321group1.gamestore.GamestoreApplication for test class ca.mcgill.ecse321group1.gamestore.Service.ReviewServiceTests

  .   ____          _            __ _ _
 /\\ / ___'_ __ _ _(_)_ __  __ _ \ \ \ \
( ( )\___ | '_ | '_| | '_ \/ _` | \ \ \ \
 \\/  ___)| |_)| | | | | || (_| |  ) ) ) )
  '  |____| .__|_| |_|_| |_\__, | / / / /
 =========|_|==============|___/=/_/_/_/

 :: Spring Boot ::                (v3.3.4)

2024-11-26T15:12:12.973-05:00  INFO 19448 --- [gamestore] [    Test worker] c.m.e.g.Service.ReviewServiceTests       : Starting ReviewServiceTests using Java 21.0.4 with PID 19448 (started by zachary in /Users/zachary/Documents/ECSE/ECSE321/project-group-1/GameStore-Backend)
2024-11-26T15:12:12.974-05:00  INFO 19448 --- [gamestore] [    Test worker] c.m.e.g.Service.ReviewServiceTests       : No active profile set, falling back to 1 default profile: "default"
2024-11-26T15:12:13.618-05:00  INFO 19448 --- [gamestore] [    Test worker] .s.d.r.c.RepositoryConfigurationDelegate : Bootstrapping Spring Data JPA repositories in DEFAULT mode.
2024-11-26T15:12:13.674-05:00  INFO 19448 --- [gamestore] [    Test worker] .s.d.r.c.RepositoryConfigurationDelegate : Finished Spring Data repository scanning in 49 ms. Found 10 JPA repository interfaces.
2024-11-26T15:12:13.998-05:00  INFO 19448 --- [gamestore] [    Test worker] o.hibernate.jpa.internal.util.LogHelper  : HHH000204: Processing PersistenceUnitInfo [name: default]
2024-11-26T15:12:14.048-05:00  INFO 19448 --- [gamestore] [    Test worker] org.hibernate.Version                    : HHH000412: Hibernate ORM core version 6.5.3.Final
2024-11-26T15:12:14.075-05:00  INFO 19448 --- [gamestore] [    Test worker] o.h.c.internal.RegionFactoryInitiator    : HHH000026: Second-level cache disabled
2024-11-26T15:12:14.342-05:00  INFO 19448 --- [gamestore] [    Test worker] o.s.o.j.p.SpringPersistenceUnitInfo      : No LoadTimeWeaver setup: ignoring JPA class transformer
2024-11-26T15:12:14.372-05:00  INFO 19448 --- [gamestore] [    Test worker] com.zaxxer.hikari.HikariDataSource       : HikariPool-1 - Starting...
2024-11-26T15:12:14.549-05:00  INFO 19448 --- [gamestore] [    Test worker] com.zaxxer.hikari.pool.HikariPool        : HikariPool-1 - Added connection org.postgresql.jdbc.PgConnection@664c47f2
2024-11-26T15:12:14.550-05:00  INFO 19448 --- [gamestore] [    Test worker] com.zaxxer.hikari.HikariDataSource       : HikariPool-1 - Start completed.
2024-11-26T15:12:14.586-05:00  WARN 19448 --- [gamestore] [    Test worker] org.hibernate.orm.deprecation            : HHH90000025: PostgreSQLDialect does not need to be specified explicitly using 'hibernate.dialect' (remove the property setting and it will be selected by default)
2024-11-26T15:12:15.523-05:00  INFO 19448 --- [gamestore] [    Test worker] o.h.e.t.j.p.i.JtaPlatformInitiator       : HHH000489: No JTA platform available (set 'hibernate.transaction.jta.platform' to enable JTA platform integration)
2024-11-26T15:12:15.696-05:00  INFO 19448 --- [gamestore] [    Test worker] j.LocalContainerEntityManagerFactoryBean : Initialized JPA EntityManagerFactory for persistence unit 'default'
2024-11-26T15:12:16.217-05:00  WARN 19448 --- [gamestore] [    Test worker] JpaBaseConfiguration$JpaWebConfiguration : spring.jpa.open-in-view is enabled by default. Therefore, database queries may be performed during view rendering. Explicitly configure spring.jpa.open-in-view to disable this warning
2024-11-26T15:12:16.560-05:00  INFO 19448 --- [gamestore] [    Test worker] c.m.e.g.Service.ReviewServiceTests       : Started ReviewServiceTests in 3.775 seconds (process running for 4.87)
]]></system-out>
  <system-err><![CDATA[WARNING: A Java agent has been loaded dynamically (/Users/zachary/.gradle/caches/modules-2/files-2.1/net.bytebuddy/byte-buddy-agent/1.14.19/154da3a65b4f4a909d3e5bdec55d1b2b4cbb6ce1/byte-buddy-agent-1.14.19.jar)
WARNING: If a serviceability tool is in use, please run with -XX:+EnableDynamicAgentLoading to hide this warning
WARNING: If a serviceability tool is not in use, please run with -Djdk.instrument.traceUsage for more information
WARNING: Dynamic loading of agents will be disallowed by default in a future release
]]></system-err>
</testsuite>
