<?xml version="1.0" encoding="UTF-8"?>
<testsuite name="ca.mcgill.ecse321group1.gamestore.Repository.CustomerOrderRepositoryTests" tests="1" skipped="0" failures="0" errors="0" timestamp="2024-11-16T17:43:27" hostname="Ivans-MacBook-Air.local" time="0.026">
  <properties/>
  <testcase name="testPersistAndLoadCustomerOrder()" classname="ca.mcgill.ecse321group1.gamestore.Repository.CustomerOrderRepositoryTests" time="0.026"/>
  <system-out><![CDATA[2024-11-16T12:43:27.549-05:00  INFO 94143 --- [gamestore] [    Test worker] t.c.s.AnnotationConfigContextLoaderUtils : Could not detect default configuration classes for test class [ca.mcgill.ecse321group1.gamestore.Repository.CustomerOrderRepositoryTests]: CustomerOrderRepositoryTests does not declare any static, non-private, non-final, nested classes annotated with @Configuration.
2024-11-16T12:43:27.550-05:00  INFO 94143 --- [gamestore] [    Test worker] .b.t.c.SpringBootTestContextBootstrapper : Found @SpringBootConfiguration ca.mcgill.ecse321group1.gamestore.GamestoreApplication for test class ca.mcgill.ecse321group1.gamestore.Repository.CustomerOrderRepositoryTests
]]></system-out>
  <system-err><![CDATA[]]></system-err>
</testsuite>
