<?xml version="1.0" encoding="UTF-8"?>
<testsuite name="ca.mcgill.ecse321group1.gamestore.integration.CategoryIntegrationTests" tests="8" skipped="0" failures="0" errors="0" timestamp="2024-11-27T01:08:19" hostname="Ivans-MacBook-Air.local" time="0.065">
  <properties/>
  <testcase name="testCreateValidCategory()" classname="ca.mcgill.ecse321group1.gamestore.integration.CategoryIntegrationTests" time="0.009"/>
  <testcase name="testCreateInvalidNameCategory()" classname="ca.mcgill.ecse321group1.gamestore.integration.CategoryIntegrationTests" time="0.006"/>
  <testcase name="testGetValidCategory()" classname="ca.mcgill.ecse321group1.gamestore.integration.CategoryIntegrationTests" time="0.007"/>
  <testcase name="testGetInvalidCategory()" classname="ca.mcgill.ecse321group1.gamestore.integration.CategoryIntegrationTests" time="0.005"/>
  <testcase name="testEditInvalidCategory()" classname="ca.mcgill.ecse321group1.gamestore.integration.CategoryIntegrationTests" time="0.01"/>
  <testcase name="testEditValidCategory()" classname="ca.mcgill.ecse321group1.gamestore.integration.CategoryIntegrationTests" time="0.009"/>
  <testcase name="testDeleteInvalidCategory()" classname="ca.mcgill.ecse321group1.gamestore.integration.CategoryIntegrationTests" time="0.009"/>
  <testcase name="testDeleteValidCategory()" classname="ca.mcgill.ecse321group1.gamestore.integration.CategoryIntegrationTests" time="0.009"/>
  <system-out><![CDATA[2024-11-26T20:08:19.635-05:00  INFO 40828 --- [gamestore] [    Test worker] t.c.s.AnnotationConfigContextLoaderUtils : Could not detect default configuration classes for test class [ca.mcgill.ecse321group1.gamestore.integration.CategoryIntegrationTests]: CategoryIntegrationTests does not declare any static, non-private, non-final, nested classes annotated with @Configuration.
2024-11-26T20:08:19.636-05:00  INFO 40828 --- [gamestore] [    Test worker] .b.t.c.SpringBootTestContextBootstrapper : Found @SpringBootConfiguration ca.mcgill.ecse321group1.gamestore.GamestoreApplication for test class ca.mcgill.ecse321group1.gamestore.integration.CategoryIntegrationTests
]]></system-out>
  <system-err><![CDATA[]]></system-err>
</testsuite>
