<?xml version="1.0" encoding="UTF-8"?>
<testsuite name="ca.mcgill.ecse321group1.gamestore.integration.OfferIntegrationTests" tests="8" skipped="0" failures="0" errors="0" timestamp="2024-12-01T23:53:38" hostname="Viveks-MacBook-Air.local" time="0.124">
  <properties/>
  <testcase name="testCreateValidOffer()" classname="ca.mcgill.ecse321group1.gamestore.integration.OfferIntegrationTests" time="0.038"/>
  <testcase name="testCreateInvalidOffer()" classname="ca.mcgill.ecse321group1.gamestore.integration.OfferIntegrationTests" time="0.01"/>
  <testcase name="testGetValidOffer()" classname="ca.mcgill.ecse321group1.gamestore.integration.OfferIntegrationTests" time="0.009"/>
  <testcase name="testGetInvalidOffer()" classname="ca.mcgill.ecse321group1.gamestore.integration.OfferIntegrationTests" time="0.006"/>
  <testcase name="testEditOfferMissingParameters()" classname="ca.mcgill.ecse321group1.gamestore.integration.OfferIntegrationTests" time="0.018"/>
  <testcase name="testEditOffer()" classname="ca.mcgill.ecse321group1.gamestore.integration.OfferIntegrationTests" time="0.016"/>
  <testcase name="testDeleteNonexistingOffer()" classname="ca.mcgill.ecse321group1.gamestore.integration.OfferIntegrationTests" time="0.013"/>
  <testcase name="testDeleteOffer()" classname="ca.mcgill.ecse321group1.gamestore.integration.OfferIntegrationTests" time="0.013"/>
  <system-out><![CDATA[2024-12-01T18:53:38.418-05:00  INFO 45586 --- [gamestore] [    Test worker] t.c.s.AnnotationConfigContextLoaderUtils : Could not detect default configuration classes for test class [ca.mcgill.ecse321group1.gamestore.integration.OfferIntegrationTests]: OfferIntegrationTests does not declare any static, non-private, non-final, nested classes annotated with @Configuration.
2024-12-01T18:53:38.419-05:00  INFO 45586 --- [gamestore] [    Test worker] .b.t.c.SpringBootTestContextBootstrapper : Found @SpringBootConfiguration ca.mcgill.ecse321group1.gamestore.GamestoreApplication for test class ca.mcgill.ecse321group1.gamestore.integration.OfferIntegrationTests
]]></system-out>
  <system-err><![CDATA[]]></system-err>
</testsuite>
