<?xml version="1.0" encoding="UTF-8"?>
<testsuite name="ca.mcgill.ecse321group1.gamestore.integration.CustomerIntegrationTests" tests="7" skipped="0" failures="0" errors="0" timestamp="2024-11-15T17:51:58" hostname="Ivans-MacBook-Air.local" time="0.093">
  <properties/>
  <testcase name="testCreateValidCustomer()" classname="ca.mcgill.ecse321group1.gamestore.integration.CustomerIntegrationTests" time="0.042"/>
  <testcase name="testCreateInvalidCustomer()" classname="ca.mcgill.ecse321group1.gamestore.integration.CustomerIntegrationTests" time="0.018"/>
  <testcase name="testGetValidCustomer()" classname="ca.mcgill.ecse321group1.gamestore.integration.CustomerIntegrationTests" time="0.007"/>
  <testcase name="testGetInvalidCustomer()" classname="ca.mcgill.ecse321group1.gamestore.integration.CustomerIntegrationTests" time="0.004"/>
  <testcase name="testEditInvalidStaff()" classname="ca.mcgill.ecse321group1.gamestore.integration.CustomerIntegrationTests" time="0.008"/>
  <testcase name="testEditValidStaff()" classname="ca.mcgill.ecse321group1.gamestore.integration.CustomerIntegrationTests" time="0.013"/>
  <testcase name="testAddGameToCustomerCart()" classname="ca.mcgill.ecse321group1.gamestore.integration.CustomerIntegrationTests" time="0.001"/>
  <system-out><![CDATA[2024-11-15T12:51:58.447-05:00  INFO 59574 --- [gamestore] [    Test worker] t.c.s.AnnotationConfigContextLoaderUtils : Could not detect default configuration classes for test class [ca.mcgill.ecse321group1.gamestore.integration.CustomerIntegrationTests]: CustomerIntegrationTests does not declare any static, non-private, non-final, nested classes annotated with @Configuration.
2024-11-15T12:51:58.448-05:00  INFO 59574 --- [gamestore] [    Test worker] .b.t.c.SpringBootTestContextBootstrapper : Found @SpringBootConfiguration ca.mcgill.ecse321group1.gamestore.GamestoreApplication for test class ca.mcgill.ecse321group1.gamestore.integration.CustomerIntegrationTests
2024-11-15T12:51:58.498-05:00  WARN 59574 --- [gamestore] [o-auto-1-exec-4] .w.s.m.s.DefaultHandlerExceptionResolver : Resolved [org.springframework.web.bind.MethodArgumentNotValidException: Validation failed for argument [0] in public ca.mcgill.ecse321group1.gamestore.dto.PersonResponseDto ca.mcgill.ecse321group1.gamestore.controller.CustomerController.createCustomer(ca.mcgill.ecse321group1.gamestore.dto.PersonRequestDto): [Field error in object 'personRequestDto' on field 'username': rejected value [null]; codes [NotBlank.personRequestDto.username,NotBlank.username,NotBlank.java.lang.String,NotBlank]; arguments [org.springframework.context.support.DefaultMessageSourceResolvable: codes [personRequestDto.username,username]; arguments []; default message [username]]; default message [Person username is required.]] ]
2024-11-15T12:51:58.522-05:00  WARN 59574 --- [gamestore] [o-auto-1-exec-6] .w.s.m.s.DefaultHandlerExceptionResolver : Resolved [org.springframework.web.bind.MethodArgumentNotValidException: Validation failed for argument [1] in public ca.mcgill.ecse321group1.gamestore.dto.PersonResponseDto ca.mcgill.ecse321group1.gamestore.controller.CustomerController.editCustomerById(int,ca.mcgill.ecse321group1.gamestore.dto.PersonRequestDto): [Field error in object 'personRequestDto' on field 'username': rejected value [null]; codes [NotBlank.personRequestDto.username,NotBlank.username,NotBlank.java.lang.String,NotBlank]; arguments [org.springframework.context.support.DefaultMessageSourceResolvable: codes [personRequestDto.username,username]; arguments []; default message [username]]; default message [Person username is required.]] ]
]]></system-out>
  <system-err><![CDATA[]]></system-err>
</testsuite>
