<?xml version="1.0" encoding="UTF-8"?>
<testsuite name="ca.mcgill.ecse321group1.gamestore.integration.VideoGameIntegrationTests" tests="17" skipped="0" failures="0" errors="0" timestamp="2024-11-27T01:08:19" hostname="Ivans-MacBook-Air.local" time="0.115">
  <properties/>
  <testcase name="testCreateValidVideoGame()" classname="ca.mcgill.ecse321group1.gamestore.integration.VideoGameIntegrationTests" time="0.01"/>
  <testcase name="testCreateInvalidVideoGame()" classname="ca.mcgill.ecse321group1.gamestore.integration.VideoGameIntegrationTests" time="0.005"/>
  <testcase name="testGetValidVideoGame()" classname="ca.mcgill.ecse321group1.gamestore.integration.VideoGameIntegrationTests" time="0.005"/>
  <testcase name="testGetInvalidVideoGame()" classname="ca.mcgill.ecse321group1.gamestore.integration.VideoGameIntegrationTests" time="0.003"/>
  <testcase name="testEditInvalidVideoGame()" classname="ca.mcgill.ecse321group1.gamestore.integration.VideoGameIntegrationTests" time="0.01"/>
  <testcase name="testEditValidVideoGame()" classname="ca.mcgill.ecse321group1.gamestore.integration.VideoGameIntegrationTests" time="0.009"/>
  <testcase name="activateInvalidVideoGame()" classname="ca.mcgill.ecse321group1.gamestore.integration.VideoGameIntegrationTests" time="0.006"/>
  <testcase name="activateValidVideoGame()" classname="ca.mcgill.ecse321group1.gamestore.integration.VideoGameIntegrationTests" time="0.007"/>
  <testcase name="deactivateInvalidVideoGame()" classname="ca.mcgill.ecse321group1.gamestore.integration.VideoGameIntegrationTests" time="0.011"/>
  <testcase name="deactivateValidVideoGame()" classname="ca.mcgill.ecse321group1.gamestore.integration.VideoGameIntegrationTests" time="0.007"/>
  <testcase name="alterQuantityInvalidAmount()" classname="ca.mcgill.ecse321group1.gamestore.integration.VideoGameIntegrationTests" time="0.006"/>
  <testcase name="alterQuantityValidAmount()" classname="ca.mcgill.ecse321group1.gamestore.integration.VideoGameIntegrationTests" time="0.005"/>
  <testcase name="testGetAllPending()" classname="ca.mcgill.ecse321group1.gamestore.integration.VideoGameIntegrationTests" time="0.012"/>
  <testcase name="testGetUnmatchingKeyword()" classname="ca.mcgill.ecse321group1.gamestore.integration.VideoGameIntegrationTests" time="0.008"/>
  <testcase name="testMatchingKeyword()" classname="ca.mcgill.ecse321group1.gamestore.integration.VideoGameIntegrationTests" time="0.003"/>
  <testcase name="testInvalidCategory()" classname="ca.mcgill.ecse321group1.gamestore.integration.VideoGameIntegrationTests" time="0.003"/>
  <testcase name="testValidCategory()" classname="ca.mcgill.ecse321group1.gamestore.integration.VideoGameIntegrationTests" time="0.003"/>
  <system-out><![CDATA[2024-11-26T20:08:19.990-05:00  INFO 40828 --- [gamestore] [    Test worker] t.c.s.AnnotationConfigContextLoaderUtils : Could not detect default configuration classes for test class [ca.mcgill.ecse321group1.gamestore.integration.VideoGameIntegrationTests]: VideoGameIntegrationTests does not declare any static, non-private, non-final, nested classes annotated with @Configuration.
2024-11-26T20:08:19.991-05:00  INFO 40828 --- [gamestore] [    Test worker] .b.t.c.SpringBootTestContextBootstrapper : Found @SpringBootConfiguration ca.mcgill.ecse321group1.gamestore.GamestoreApplication for test class ca.mcgill.ecse321group1.gamestore.integration.VideoGameIntegrationTests
]]></system-out>
  <system-err><![CDATA[]]></system-err>
</testsuite>
