<?xml version="1.0" encoding="UTF-8"?>
<testsuite name="ca.mcgill.ecse321group1.gamestore.Repository.ReplyRepositoryTests" tests="1" skipped="0" failures="0" errors="0" timestamp="2024-11-26T20:02:50" hostname="Ivans-MacBook-Air.local" time="0.024">
  <properties/>
  <testcase name="testPersistAndLoadReply()" classname="ca.mcgill.ecse321group1.gamestore.Repository.ReplyRepositoryTests" time="0.024"/>
  <system-out><![CDATA[2024-11-26T15:02:50.180-05:00  INFO 4993 --- [gamestore] [    Test worker] t.c.s.AnnotationConfigContextLoaderUtils : Could not detect default configuration classes for test class [ca.mcgill.ecse321group1.gamestore.Repository.ReplyRepositoryTests]: ReplyRepositoryTests does not declare any static, non-private, non-final, nested classes annotated with @Configuration.
2024-11-26T15:02:50.181-05:00  INFO 4993 --- [gamestore] [    Test worker] .b.t.c.SpringBootTestContextBootstrapper : Found @SpringBootConfiguration ca.mcgill.ecse321group1.gamestore.GamestoreApplication for test class ca.mcgill.ecse321group1.gamestore.Repository.ReplyRepositoryTests
]]></system-out>
  <system-err><![CDATA[]]></system-err>
</testsuite>
