<?xml version="1.0" encoding="UTF-8"?>
<testsuite name="ca.mcgill.ecse321group1.gamestore.Service.CustomerServiceTests" tests="10" skipped="0" failures="0" errors="0" timestamp="2024-12-01T23:53:37" hostname="Viveks-MacBook-Air.local" time="0.062">
  <properties/>
  <testcase name="testReadCustomerByValidId()" classname="ca.mcgill.ecse321group1.gamestore.Service.CustomerServiceTests" time="0.004"/>
  <testcase name="testEditValidCustomer()" classname="ca.mcgill.ecse321group1.gamestore.Service.CustomerServiceTests" time="0.004"/>
  <testcase name="testCreateInvalidCustomer()" classname="ca.mcgill.ecse321group1.gamestore.Service.CustomerServiceTests" time="0.004"/>
  <testcase name="testDeleteCustomerByInvalidID()" classname="ca.mcgill.ecse321group1.gamestore.Service.CustomerServiceTests" time="0.004"/>
  <testcase name="testCreateValidCustomer()" classname="ca.mcgill.ecse321group1.gamestore.Service.CustomerServiceTests" time="0.004"/>
  <testcase name="testReadCustomerByInvalidId()" classname="ca.mcgill.ecse321group1.gamestore.Service.CustomerServiceTests" time="0.004"/>
  <testcase name="testCreateInvalidDuplicateCustomer()" classname="ca.mcgill.ecse321group1.gamestore.Service.CustomerServiceTests" time="0.004"/>
  <testcase name="testAddToCartOrWishlist()" classname="ca.mcgill.ecse321group1.gamestore.Service.CustomerServiceTests" time="0.004"/>
  <testcase name="testDeleteCustomerByValidID()" classname="ca.mcgill.ecse321group1.gamestore.Service.CustomerServiceTests" time="0.004"/>
  <testcase name="testRemoveFromCartWishlist()" classname="ca.mcgill.ecse321group1.gamestore.Service.CustomerServiceTests" time="0.005"/>
  <system-out><![CDATA[2024-12-01T18:53:37.110-05:00  INFO 45586 --- [gamestore] [    Test worker] t.c.s.AnnotationConfigContextLoaderUtils : Could not detect default configuration classes for test class [ca.mcgill.ecse321group1.gamestore.Service.CustomerServiceTests]: CustomerServiceTests does not declare any static, non-private, non-final, nested classes annotated with @Configuration.
2024-12-01T18:53:37.112-05:00  INFO 45586 --- [gamestore] [    Test worker] .b.t.c.SpringBootTestContextBootstrapper : Found @SpringBootConfiguration ca.mcgill.ecse321group1.gamestore.GamestoreApplication for test class ca.mcgill.ecse321group1.gamestore.Service.CustomerServiceTests
]]></system-out>
  <system-err><![CDATA[]]></system-err>
</testsuite>
