<?xml version="1.0" encoding="UTF-8"?>
<testsuite name="ca.mcgill.ecse321group1.gamestore.integration.CategoryIntegrationTests" tests="8" skipped="0" failures="0" errors="0" timestamp="2024-11-16T19:18:42" hostname="Viveks-MacBook-Air.local" time="0.474">
  <properties/>
  <testcase name="testCreateValidCategory()" classname="ca.mcgill.ecse321group1.gamestore.integration.CategoryIntegrationTests" time="0.176"/>
  <testcase name="testCreateInvalidNameCategory()" classname="ca.mcgill.ecse321group1.gamestore.integration.CategoryIntegrationTests" time="0.007"/>
  <testcase name="testGetValidCategory()" classname="ca.mcgill.ecse321group1.gamestore.integration.CategoryIntegrationTests" time="0.014"/>
  <testcase name="testGetInvalidCategory()" classname="ca.mcgill.ecse321group1.gamestore.integration.CategoryIntegrationTests" time="0.005"/>
  <testcase name="testEditInvalidCategory()" classname="ca.mcgill.ecse321group1.gamestore.integration.CategoryIntegrationTests" time="0.011"/>
  <testcase name="testEditValidCategory()" classname="ca.mcgill.ecse321group1.gamestore.integration.CategoryIntegrationTests" time="0.013"/>
  <testcase name="testDeleteInvalidCategory()" classname="ca.mcgill.ecse321group1.gamestore.integration.CategoryIntegrationTests" time="0.235"/>
  <testcase name="testDeleteValidCategory()" classname="ca.mcgill.ecse321group1.gamestore.integration.CategoryIntegrationTests" time="0.011"/>
  <system-out><![CDATA[2024-11-16T14:18:41.287-05:00  INFO 2261 --- [gamestore] [    Test worker] t.c.s.AnnotationConfigContextLoaderUtils : Could not detect default configuration classes for test class [ca.mcgill.ecse321group1.gamestore.integration.CategoryIntegrationTests]: CategoryIntegrationTests does not declare any static, non-private, non-final, nested classes annotated with @Configuration.
2024-11-16T14:18:41.298-05:00  INFO 2261 --- [gamestore] [    Test worker] .b.t.c.SpringBootTestContextBootstrapper : Found @SpringBootConfiguration ca.mcgill.ecse321group1.gamestore.GamestoreApplication for test class ca.mcgill.ecse321group1.gamestore.integration.CategoryIntegrationTests

  .   ____          _            __ _ _
 /\\ / ___'_ __ _ _(_)_ __  __ _ \ \ \ \
( ( )\___ | '_ | '_| | '_ \/ _` | \ \ \ \
 \\/  ___)| |_)| | | | | || (_| |  ) ) ) )
  '  |____| .__|_| |_|_| |_\__, | / / / /
 =========|_|==============|___/=/_/_/_/

 :: Spring Boot ::                (v3.3.4)

2024-11-16T14:18:41.322-05:00  INFO 2261 --- [gamestore] [    Test worker] c.m.e.g.i.CategoryIntegrationTests       : Starting CategoryIntegrationTests using Java 21.0.2 with PID 2261 (started by vivek in /Users/vivek/Desktop/ECSE321 Group 1/project-group-1/GameStore-Backend)
2024-11-16T14:18:41.322-05:00  INFO 2261 --- [gamestore] [    Test worker] c.m.e.g.i.CategoryIntegrationTests       : No active profile set, falling back to 1 default profile: "default"
2024-11-16T14:18:41.443-05:00  INFO 2261 --- [gamestore] [    Test worker] .s.d.r.c.RepositoryConfigurationDelegate : Bootstrapping Spring Data JPA repositories in DEFAULT mode.
2024-11-16T14:18:41.452-05:00  INFO 2261 --- [gamestore] [    Test worker] .s.d.r.c.RepositoryConfigurationDelegate : Finished Spring Data repository scanning in 9 ms. Found 10 JPA repository interfaces.
2024-11-16T14:18:41.612-05:00  INFO 2261 --- [gamestore] [    Test worker] o.s.b.w.embedded.tomcat.TomcatWebServer  : Tomcat initialized with port 0 (http)
2024-11-16T14:18:41.632-05:00  INFO 2261 --- [gamestore] [    Test worker] o.apache.catalina.core.StandardService   : Starting service [Tomcat]
2024-11-16T14:18:41.632-05:00  INFO 2261 --- [gamestore] [    Test worker] o.apache.catalina.core.StandardEngine    : Starting Servlet engine: [Apache Tomcat/10.1.30]
2024-11-16T14:18:41.692-05:00  INFO 2261 --- [gamestore] [    Test worker] o.a.c.c.C.[Tomcat].[localhost].[/]       : Initializing Spring embedded WebApplicationContext
2024-11-16T14:18:41.692-05:00  INFO 2261 --- [gamestore] [    Test worker] w.s.c.ServletWebServerApplicationContext : Root WebApplicationContext: initialization completed in 369 ms
2024-11-16T14:18:41.755-05:00  INFO 2261 --- [gamestore] [    Test worker] o.hibernate.jpa.internal.util.LogHelper  : HHH000204: Processing PersistenceUnitInfo [name: default]
2024-11-16T14:18:41.756-05:00  INFO 2261 --- [gamestore] [    Test worker] o.h.c.internal.RegionFactoryInitiator    : HHH000026: Second-level cache disabled
2024-11-16T14:18:41.761-05:00  INFO 2261 --- [gamestore] [    Test worker] o.s.o.j.p.SpringPersistenceUnitInfo      : No LoadTimeWeaver setup: ignoring JPA class transformer
2024-11-16T14:18:41.761-05:00  INFO 2261 --- [gamestore] [    Test worker] com.zaxxer.hikari.HikariDataSource       : HikariPool-2 - Starting...
2024-11-16T14:18:41.793-05:00  INFO 2261 --- [gamestore] [    Test worker] com.zaxxer.hikari.pool.HikariPool        : HikariPool-2 - Added connection org.postgresql.jdbc.PgConnection@191323f5
2024-11-16T14:18:41.793-05:00  INFO 2261 --- [gamestore] [    Test worker] com.zaxxer.hikari.HikariDataSource       : HikariPool-2 - Start completed.
2024-11-16T14:18:41.796-05:00  WARN 2261 --- [gamestore] [    Test worker] org.hibernate.orm.deprecation            : HHH90000025: PostgreSQLDialect does not need to be specified explicitly using 'hibernate.dialect' (remove the property setting and it will be selected by default)
2024-11-16T14:18:41.920-05:00  INFO 2261 --- [gamestore] [    Test worker] o.h.e.t.j.p.i.JtaPlatformInitiator       : HHH000489: No JTA platform available (set 'hibernate.transaction.jta.platform' to enable JTA platform integration)
2024-11-16T14:18:42.020-05:00  INFO 2261 --- [gamestore] [    Test worker] j.LocalContainerEntityManagerFactoryBean : Initialized JPA EntityManagerFactory for persistence unit 'default'
2024-11-16T14:18:42.092-05:00  WARN 2261 --- [gamestore] [    Test worker] JpaBaseConfiguration$JpaWebConfiguration : spring.jpa.open-in-view is enabled by default. Therefore, database queries may be performed during view rendering. Explicitly configure spring.jpa.open-in-view to disable this warning
2024-11-16T14:18:42.207-05:00  INFO 2261 --- [gamestore] [    Test worker] o.s.b.w.embedded.tomcat.TomcatWebServer  : Tomcat started on port 49595 (http) with context path '/'
2024-11-16T14:18:42.210-05:00  INFO 2261 --- [gamestore] [    Test worker] c.m.e.g.i.CategoryIntegrationTests       : Started CategoryIntegrationTests in 0.911 seconds (process running for 6.041)
2024-11-16T14:18:42.331-05:00  INFO 2261 --- [gamestore] [o-auto-1-exec-1] o.a.c.c.C.[Tomcat].[localhost].[/]       : Initializing Spring DispatcherServlet 'dispatcherServlet'
2024-11-16T14:18:42.331-05:00  INFO 2261 --- [gamestore] [o-auto-1-exec-1] o.s.web.servlet.DispatcherServlet        : Initializing Servlet 'dispatcherServlet'
2024-11-16T14:18:42.332-05:00  INFO 2261 --- [gamestore] [o-auto-1-exec-1] o.s.web.servlet.DispatcherServlet        : Completed initialization in 1 ms
]]></system-out>
  <system-err><![CDATA[]]></system-err>
</testsuite>
