<?xml version="1.0" encoding="UTF-8"?>
<testsuite name="ca.mcgill.ecse321group1.gamestore.GamestoreApplicationTests" tests="1" skipped="0" failures="0" errors="0" timestamp="2024-11-15T18:00:31" hostname="Ivans-MacBook-Air.local" time="0.311">
  <properties/>
  <testcase name="contextLoads()" classname="ca.mcgill.ecse321group1.gamestore.GamestoreApplicationTests" time="0.311"/>
  <system-out><![CDATA[13:00:28.811 [Test worker] INFO org.springframework.test.context.support.AnnotationConfigContextLoaderUtils -- Could not detect default configuration classes for test class [ca.mcgill.ecse321group1.gamestore.GamestoreApplicationTests]: GamestoreApplicationTests does not declare any static, non-private, non-final, nested classes annotated with @Configuration.
13:00:28.892 [Test worker] INFO org.springframework.boot.test.context.SpringBootTestContextBootstrapper -- Found @SpringBootConfiguration ca.mcgill.ecse321group1.gamestore.GamestoreApplication for test class ca.mcgill.ecse321group1.gamestore.GamestoreApplicationTests

  .   ____          _            __ _ _
 /\\ / ___'_ __ _ _(_)_ __  __ _ \ \ \ \
( ( )\___ | '_ | '_| | '_ \/ _` | \ \ \ \
 \\/  ___)| |_)| | | | | || (_| |  ) ) ) )
  '  |____| .__|_| |_|_| |_\__, | / / / /
 =========|_|==============|___/=/_/_/_/

 :: Spring Boot ::                (v3.3.4)

2024-11-15T13:00:29.113-05:00  INFO 64739 --- [gamestore] [    Test worker] c.m.e.g.GamestoreApplicationTests        : Starting GamestoreApplicationTests using Java 21.0.5 with PID 64739 (started by izhang2 in /Users/izhang2/Files/McGill/ECSE321/project-group-1/GameStore-Backend)
2024-11-15T13:00:29.114-05:00  INFO 64739 --- [gamestore] [    Test worker] c.m.e.g.GamestoreApplicationTests        : No active profile set, falling back to 1 default profile: "default"
2024-11-15T13:00:29.576-05:00  INFO 64739 --- [gamestore] [    Test worker] .s.d.r.c.RepositoryConfigurationDelegate : Bootstrapping Spring Data JPA repositories in DEFAULT mode.
2024-11-15T13:00:29.617-05:00  INFO 64739 --- [gamestore] [    Test worker] .s.d.r.c.RepositoryConfigurationDelegate : Finished Spring Data repository scanning in 36 ms. Found 10 JPA repository interfaces.
2024-11-15T13:00:29.857-05:00  INFO 64739 --- [gamestore] [    Test worker] o.hibernate.jpa.internal.util.LogHelper  : HHH000204: Processing PersistenceUnitInfo [name: default]
2024-11-15T13:00:29.899-05:00  INFO 64739 --- [gamestore] [    Test worker] org.hibernate.Version                    : HHH000412: Hibernate ORM core version 6.5.3.Final
2024-11-15T13:00:29.922-05:00  INFO 64739 --- [gamestore] [    Test worker] o.h.c.internal.RegionFactoryInitiator    : HHH000026: Second-level cache disabled
2024-11-15T13:00:30.133-05:00  INFO 64739 --- [gamestore] [    Test worker] o.s.o.j.p.SpringPersistenceUnitInfo      : No LoadTimeWeaver setup: ignoring JPA class transformer
2024-11-15T13:00:30.159-05:00  INFO 64739 --- [gamestore] [    Test worker] com.zaxxer.hikari.HikariDataSource       : HikariPool-1 - Starting...
2024-11-15T13:00:30.297-05:00  INFO 64739 --- [gamestore] [    Test worker] com.zaxxer.hikari.pool.HikariPool        : HikariPool-1 - Added connection org.postgresql.jdbc.PgConnection@16e17e6b
2024-11-15T13:00:30.298-05:00  INFO 64739 --- [gamestore] [    Test worker] com.zaxxer.hikari.HikariDataSource       : HikariPool-1 - Start completed.
2024-11-15T13:00:30.326-05:00  WARN 64739 --- [gamestore] [    Test worker] org.hibernate.orm.deprecation            : HHH90000025: PostgreSQLDialect does not need to be specified explicitly using 'hibernate.dialect' (remove the property setting and it will be selected by default)
2024-11-15T13:00:31.104-05:00  INFO 64739 --- [gamestore] [    Test worker] o.h.e.t.j.p.i.JtaPlatformInitiator       : HHH000489: No JTA platform available (set 'hibernate.transaction.jta.platform' to enable JTA platform integration)
2024-11-15T13:00:31.272-05:00  INFO 64739 --- [gamestore] [    Test worker] j.LocalContainerEntityManagerFactoryBean : Initialized JPA EntityManagerFactory for persistence unit 'default'
2024-11-15T13:00:31.680-05:00  WARN 64739 --- [gamestore] [    Test worker] JpaBaseConfiguration$JpaWebConfiguration : spring.jpa.open-in-view is enabled by default. Therefore, database queries may be performed during view rendering. Explicitly configure spring.jpa.open-in-view to disable this warning
2024-11-15T13:00:31.934-05:00  INFO 64739 --- [gamestore] [    Test worker] c.m.e.g.GamestoreApplicationTests        : Started GamestoreApplicationTests in 2.953 seconds (process running for 3.793)
]]></system-out>
  <system-err><![CDATA[WARNING: A Java agent has been loaded dynamically (/Users/izhang2/.gradle/caches/modules-2/files-2.1/net.bytebuddy/byte-buddy-agent/1.14.19/154da3a65b4f4a909d3e5bdec55d1b2b4cbb6ce1/byte-buddy-agent-1.14.19.jar)
WARNING: If a serviceability tool is in use, please run with -XX:+EnableDynamicAgentLoading to hide this warning
WARNING: If a serviceability tool is not in use, please run with -Djdk.instrument.traceUsage for more information
WARNING: Dynamic loading of agents will be disallowed by default in a future release
]]></system-err>
</testsuite>
