<?xml version="1.0" encoding="UTF-8"?>
<testsuite name="ca.mcgill.ecse321group1.gamestore.integration.ReviewIntegrationTests" tests="1" skipped="0" failures="0" errors="0" timestamp="2024-11-16T19:18:42" hostname="Viveks-MacBook-Air.local" time="0.017">
  <properties/>
  <testcase name="testCreateReview()" classname="ca.mcgill.ecse321group1.gamestore.integration.ReviewIntegrationTests" time="0.017"/>
  <system-out><![CDATA[2024-11-16T14:18:42.979-05:00  INFO 2261 --- [gamestore] [    Test worker] t.c.s.AnnotationConfigContextLoaderUtils : Could not detect default configuration classes for test class [ca.mcgill.ecse321group1.gamestore.integration.ReviewIntegrationTests]: ReviewIntegrationTests does not declare any static, non-private, non-final, nested classes annotated with @Configuration.
2024-11-16T14:18:42.980-05:00  INFO 2261 --- [gamestore] [    Test worker] .b.t.c.SpringBootTestContextBootstrapper : Found @SpringBootConfiguration ca.mcgill.ecse321group1.gamestore.GamestoreApplication for test class ca.mcgill.ecse321group1.gamestore.integration.ReviewIntegrationTests
]]></system-out>
  <system-err><![CDATA[]]></system-err>
</testsuite>
