<?xml version="1.0" encoding="UTF-8"?>
<testsuite name="ca.mcgill.ecse321group1.gamestore.Service.OfferServiceTests" tests="8" skipped="0" failures="0" errors="0" timestamp="2024-11-17T04:53:51" hostname="Ivans-MacBook-Air.local" time="0.022">
  <properties/>
  <testcase name="testReadOfferByValidId()" classname="ca.mcgill.ecse321group1.gamestore.Service.OfferServiceTests" time="0.001"/>
  <testcase name="testReadOfferByInvalidId()" classname="ca.mcgill.ecse321group1.gamestore.Service.OfferServiceTests" time="0.002"/>
  <testcase name="testEditOfferInvalidEffect()" classname="ca.mcgill.ecse321group1.gamestore.Service.OfferServiceTests" time="0.002"/>
  <testcase name="testDeleteOfferByValidID()" classname="ca.mcgill.ecse321group1.gamestore.Service.OfferServiceTests" time="0.002"/>
  <testcase name="testDeleteCategoryByInvalidID()" classname="ca.mcgill.ecse321group1.gamestore.Service.OfferServiceTests" time="0.001"/>
  <testcase name="testEditValidOffer()" classname="ca.mcgill.ecse321group1.gamestore.Service.OfferServiceTests" time="0.002"/>
  <testcase name="testCreateValidOffer()" classname="ca.mcgill.ecse321group1.gamestore.Service.OfferServiceTests" time="0.002"/>
  <testcase name="testCreateInvalidInvertedDateCategory()" classname="ca.mcgill.ecse321group1.gamestore.Service.OfferServiceTests" time="0.002"/>
  <system-out><![CDATA[2024-11-16T23:53:51.601-05:00  INFO 34837 --- [gamestore] [    Test worker] t.c.s.AnnotationConfigContextLoaderUtils : Could not detect default configuration classes for test class [ca.mcgill.ecse321group1.gamestore.Service.OfferServiceTests]: OfferServiceTests does not declare any static, non-private, non-final, nested classes annotated with @Configuration.
2024-11-16T23:53:51.602-05:00  INFO 34837 --- [gamestore] [    Test worker] .b.t.c.SpringBootTestContextBootstrapper : Found @SpringBootConfiguration ca.mcgill.ecse321group1.gamestore.GamestoreApplication for test class ca.mcgill.ecse321group1.gamestore.Service.OfferServiceTests
]]></system-out>
  <system-err><![CDATA[]]></system-err>
</testsuite>
