<?xml version="1.0" encoding="UTF-8"?>
<testsuite name="ca.mcgill.ecse321group1.gamestore.Repository.CategoryRepositoryTests" tests="1" skipped="0" failures="0" errors="0" timestamp="2024-11-04T06:13:00" hostname="Zacharys-MBP" time="0.132">
  <properties/>
  <testcase name="testPersistAndLoadCategory()" classname="ca.mcgill.ecse321group1.gamestore.Repository.CategoryRepositoryTests" time="0.132"/>
  <system-out><![CDATA[2024-11-04T01:13:00.099-05:00  INFO 58102 --- [gamestore] [    Test worker] t.c.s.AnnotationConfigContextLoaderUtils : Could not detect default configuration classes for test class [ca.mcgill.ecse321group1.gamestore.Repository.CategoryRepositoryTests]: CategoryRepositoryTests does not declare any static, non-private, non-final, nested classes annotated with @Configuration.
2024-11-04T01:13:00.105-05:00  INFO 58102 --- [gamestore] [    Test worker] .b.t.c.SpringBootTestContextBootstrapper : Found @SpringBootConfiguration ca.mcgill.ecse321group1.gamestore.GamestoreApplication for test class ca.mcgill.ecse321group1.gamestore.Repository.CategoryRepositoryTests
]]></system-out>
  <system-err><![CDATA[]]></system-err>
</testsuite>
