<?xml version="1.0" encoding="UTF-8"?>
<testsuite name="ca.mcgill.ecse321group1.gamestore.repository.CategoryRepositoryTests" tests="1" skipped="0" failures="0" errors="0" timestamp="2024-10-12T08:53:39" hostname="Alans-MacBook-Pro.local" time="0.214">
  <properties/>
  <testcase name="testPersistAndLoadCategory()" classname="ca.mcgill.ecse321group1.gamestore.repository.CategoryRepositoryTests" time="0.214"/>
  <system-out><![CDATA[2024-10-12T04:53:39.862-04:00  INFO 65719 --- [gamestore] [    Test worker] t.c.s.AnnotationConfigContextLoaderUtils : Could not detect default configuration classes for test class [ca.mcgill.ecse321group1.gamestore.repository.CategoryRepositoryTests]: CategoryRepositoryTests does not declare any static, non-private, non-final, nested classes annotated with @Configuration.
2024-10-12T04:53:39.874-04:00  INFO 65719 --- [gamestore] [    Test worker] .b.t.c.SpringBootTestContextBootstrapper : Found @SpringBootConfiguration ca.mcgill.ecse321group1.gamestore.GamestoreApplication for test class ca.mcgill.ecse321group1.gamestore.repository.CategoryRepositoryTests
]]></system-out>
  <system-err><![CDATA[]]></system-err>
</testsuite>
