<?xml version="1.0" encoding="UTF-8"?>
<testsuite name="ca.mcgill.ecse321group1.gamestore.Service.CustomerOrderServiceTests" tests="4" skipped="0" failures="0" errors="0" timestamp="2024-11-26T19:53:30" hostname="Zacharys-MacBook-Pro.local" time="0.039">
  <properties/>
  <testcase name="testGenerateOrdersGetOrders()" classname="ca.mcgill.ecse321group1.gamestore.Service.CustomerOrderServiceTests" time="0.011"/>
  <testcase name="testDeleteOrder()" classname="ca.mcgill.ecse321group1.gamestore.Service.CustomerOrderServiceTests" time="0.006"/>
  <testcase name="testSatisfaction()" classname="ca.mcgill.ecse321group1.gamestore.Service.CustomerOrderServiceTests" time="0.007"/>
  <testcase name="testGetOrders()" classname="ca.mcgill.ecse321group1.gamestore.Service.CustomerOrderServiceTests" time="0.005"/>
  <system-out><![CDATA[2024-11-26T14:53:30.299-05:00  INFO 18904 --- [gamestore] [    Test worker] t.c.s.AnnotationConfigContextLoaderUtils : Could not detect default configuration classes for test class [ca.mcgill.ecse321group1.gamestore.Service.CustomerOrderServiceTests]: CustomerOrderServiceTests does not declare any static, non-private, non-final, nested classes annotated with @Configuration.
2024-11-26T14:53:30.301-05:00  INFO 18904 --- [gamestore] [    Test worker] .b.t.c.SpringBootTestContextBootstrapper : Found @SpringBootConfiguration ca.mcgill.ecse321group1.gamestore.GamestoreApplication for test class ca.mcgill.ecse321group1.gamestore.Service.CustomerOrderServiceTests
]]></system-out>
  <system-err><![CDATA[]]></system-err>
</testsuite>
