<?xml version="1.0" encoding="UTF-8"?>
<testsuite name="ca.mcgill.ecse321group1.gamestore.Service.ReplyServiceTests" tests="6" skipped="0" failures="0" errors="0" timestamp="2024-11-05T22:29:59" hostname="Zacharys-MBP" time="0.083">
  <properties/>
  <testcase name="testDeleteReplyByValidID()" classname="ca.mcgill.ecse321group1.gamestore.Service.ReplyServiceTests" time="0.037"/>
  <testcase name="testDeleteReviewByInvalidID()" classname="ca.mcgill.ecse321group1.gamestore.Service.ReplyServiceTests" time="0.007"/>
  <testcase name="testEditValidReview()" classname="ca.mcgill.ecse321group1.gamestore.Service.ReplyServiceTests" time="0.006"/>
  <testcase name="testReadReviewByInvalidId()" classname="ca.mcgill.ecse321group1.gamestore.Service.ReplyServiceTests" time="0.005"/>
  <testcase name="testCreateValidReview()" classname="ca.mcgill.ecse321group1.gamestore.Service.ReplyServiceTests" time="0.004"/>
  <testcase name="testReadReviewByValidId()" classname="ca.mcgill.ecse321group1.gamestore.Service.ReplyServiceTests" time="0.003"/>
  <system-out><![CDATA[17:29:56.852 [Test worker] INFO org.springframework.test.context.support.AnnotationConfigContextLoaderUtils -- Could not detect default configuration classes for test class [ca.mcgill.ecse321group1.gamestore.Service.ReplyServiceTests]: ReplyServiceTests does not declare any static, non-private, non-final, nested classes annotated with @Configuration.
17:29:56.908 [Test worker] INFO org.springframework.boot.test.context.SpringBootTestContextBootstrapper -- Found @SpringBootConfiguration ca.mcgill.ecse321group1.gamestore.GamestoreApplication for test class ca.mcgill.ecse321group1.gamestore.Service.ReplyServiceTests

  .   ____          _            __ _ _
 /\\ / ___'_ __ _ _(_)_ __  __ _ \ \ \ \
( ( )\___ | '_ | '_| | '_ \/ _` | \ \ \ \
 \\/  ___)| |_)| | | | | || (_| |  ) ) ) )
  '  |____| .__|_| |_|_| |_\__, | / / / /
 =========|_|==============|___/=/_/_/_/

 :: Spring Boot ::                (v3.3.4)

2024-11-05T17:29:57.085-05:00  INFO 72201 --- [gamestore] [    Test worker] c.m.e.g.Service.ReplyServiceTests        : Starting ReplyServiceTests using Java 21.0.4 with PID 72201 (started by zachary in /Users/zachary/Documents/ECSE/ECSE321/project-group-1/GameStore-Backend)
2024-11-05T17:29:57.086-05:00  INFO 72201 --- [gamestore] [    Test worker] c.m.e.g.Service.ReplyServiceTests        : No active profile set, falling back to 1 default profile: "default"
2024-11-05T17:29:57.373-05:00  INFO 72201 --- [gamestore] [    Test worker] .s.d.r.c.RepositoryConfigurationDelegate : Bootstrapping Spring Data JPA repositories in DEFAULT mode.
2024-11-05T17:29:57.409-05:00  INFO 72201 --- [gamestore] [    Test worker] .s.d.r.c.RepositoryConfigurationDelegate : Finished Spring Data repository scanning in 32 ms. Found 10 JPA repository interfaces.
2024-11-05T17:29:57.641-05:00  INFO 72201 --- [gamestore] [    Test worker] o.hibernate.jpa.internal.util.LogHelper  : HHH000204: Processing PersistenceUnitInfo [name: default]
2024-11-05T17:29:57.666-05:00  INFO 72201 --- [gamestore] [    Test worker] org.hibernate.Version                    : HHH000412: Hibernate ORM core version 6.5.3.Final
2024-11-05T17:29:57.685-05:00  INFO 72201 --- [gamestore] [    Test worker] o.h.c.internal.RegionFactoryInitiator    : HHH000026: Second-level cache disabled
2024-11-05T17:29:57.837-05:00  INFO 72201 --- [gamestore] [    Test worker] o.s.o.j.p.SpringPersistenceUnitInfo      : No LoadTimeWeaver setup: ignoring JPA class transformer
2024-11-05T17:29:57.852-05:00  INFO 72201 --- [gamestore] [    Test worker] com.zaxxer.hikari.HikariDataSource       : HikariPool-1 - Starting...
2024-11-05T17:29:57.953-05:00  INFO 72201 --- [gamestore] [    Test worker] com.zaxxer.hikari.pool.HikariPool        : HikariPool-1 - Added connection org.postgresql.jdbc.PgConnection@63262071
2024-11-05T17:29:57.954-05:00  INFO 72201 --- [gamestore] [    Test worker] com.zaxxer.hikari.HikariDataSource       : HikariPool-1 - Start completed.
2024-11-05T17:29:57.971-05:00  WARN 72201 --- [gamestore] [    Test worker] org.hibernate.orm.deprecation            : HHH90000025: PostgreSQLDialect does not need to be specified explicitly using 'hibernate.dialect' (remove the property setting and it will be selected by default)
2024-11-05T17:29:58.558-05:00  INFO 72201 --- [gamestore] [    Test worker] o.h.e.t.j.p.i.JtaPlatformInitiator       : HHH000489: No JTA platform available (set 'hibernate.transaction.jta.platform' to enable JTA platform integration)
2024-11-05T17:29:58.750-05:00  INFO 72201 --- [gamestore] [    Test worker] j.LocalContainerEntityManagerFactoryBean : Initialized JPA EntityManagerFactory for persistence unit 'default'
2024-11-05T17:29:59.073-05:00  WARN 72201 --- [gamestore] [    Test worker] JpaBaseConfiguration$JpaWebConfiguration : spring.jpa.open-in-view is enabled by default. Therefore, database queries may be performed during view rendering. Explicitly configure spring.jpa.open-in-view to disable this warning
2024-11-05T17:29:59.264-05:00  INFO 72201 --- [gamestore] [    Test worker] c.m.e.g.Service.ReplyServiceTests        : Started ReplyServiceTests in 2.292 seconds (process running for 2.919)
]]></system-out>
  <system-err><![CDATA[WARNING: A Java agent has been loaded dynamically (/Users/zachary/.gradle/caches/modules-2/files-2.1/net.bytebuddy/byte-buddy-agent/1.14.19/154da3a65b4f4a909d3e5bdec55d1b2b4cbb6ce1/byte-buddy-agent-1.14.19.jar)
WARNING: If a serviceability tool is in use, please run with -XX:+EnableDynamicAgentLoading to hide this warning
WARNING: If a serviceability tool is not in use, please run with -Djdk.instrument.traceUsage for more information
WARNING: Dynamic loading of agents will be disallowed by default in a future release
]]></system-err>
</testsuite>
