<?xml version="1.0" encoding="UTF-8"?>
<testsuite name="ca.mcgill.ecse321group1.gamestore.integration.CategoryIntegrationTests" tests="8" skipped="0" failures="0" errors="0" timestamp="2024-11-15T18:00:34" hostname="Ivans-MacBook-Air.local" time="0.442">
  <properties/>
  <testcase name="testCreateValidCategory()" classname="ca.mcgill.ecse321group1.gamestore.integration.CategoryIntegrationTests" time="0.174"/>
  <testcase name="testCreateInvalidNameCategory()" classname="ca.mcgill.ecse321group1.gamestore.integration.CategoryIntegrationTests" time="0.007"/>
  <testcase name="testGetValidCategory()" classname="ca.mcgill.ecse321group1.gamestore.integration.CategoryIntegrationTests" time="0.006"/>
  <testcase name="testGetInvalidCategory()" classname="ca.mcgill.ecse321group1.gamestore.integration.CategoryIntegrationTests" time="0.005"/>
  <testcase name="testEditInvalidCategory()" classname="ca.mcgill.ecse321group1.gamestore.integration.CategoryIntegrationTests" time="0.01"/>
  <testcase name="testEditValidCategory()" classname="ca.mcgill.ecse321group1.gamestore.integration.CategoryIntegrationTests" time="0.012"/>
  <testcase name="testDeleteInvalidCategory()" classname="ca.mcgill.ecse321group1.gamestore.integration.CategoryIntegrationTests" time="0.217"/>
  <testcase name="testDeleteValidCategory()" classname="ca.mcgill.ecse321group1.gamestore.integration.CategoryIntegrationTests" time="0.009"/>
  <system-out><![CDATA[2024-11-15T13:00:33.385-05:00  INFO 64739 --- [gamestore] [    Test worker] t.c.s.AnnotationConfigContextLoaderUtils : Could not detect default configuration classes for test class [ca.mcgill.ecse321group1.gamestore.integration.CategoryIntegrationTests]: CategoryIntegrationTests does not declare any static, non-private, non-final, nested classes annotated with @Configuration.
2024-11-15T13:00:33.393-05:00  INFO 64739 --- [gamestore] [    Test worker] .b.t.c.SpringBootTestContextBootstrapper : Found @SpringBootConfiguration ca.mcgill.ecse321group1.gamestore.GamestoreApplication for test class ca.mcgill.ecse321group1.gamestore.integration.CategoryIntegrationTests

  .   ____          _            __ _ _
 /\\ / ___'_ __ _ _(_)_ __  __ _ \ \ \ \
( ( )\___ | '_ | '_| | '_ \/ _` | \ \ \ \
 \\/  ___)| |_)| | | | | || (_| |  ) ) ) )
  '  |____| .__|_| |_|_| |_\__, | / / / /
 =========|_|==============|___/=/_/_/_/

 :: Spring Boot ::                (v3.3.4)

2024-11-15T13:00:33.413-05:00  INFO 64739 --- [gamestore] [    Test worker] c.m.e.g.i.CategoryIntegrationTests       : Starting CategoryIntegrationTests using Java 21.0.5 with PID 64739 (started by izhang2 in /Users/izhang2/Files/McGill/ECSE321/project-group-1/GameStore-Backend)
2024-11-15T13:00:33.414-05:00  INFO 64739 --- [gamestore] [    Test worker] c.m.e.g.i.CategoryIntegrationTests       : No active profile set, falling back to 1 default profile: "default"
2024-11-15T13:00:33.528-05:00  INFO 64739 --- [gamestore] [    Test worker] .s.d.r.c.RepositoryConfigurationDelegate : Bootstrapping Spring Data JPA repositories in DEFAULT mode.
2024-11-15T13:00:33.540-05:00  INFO 64739 --- [gamestore] [    Test worker] .s.d.r.c.RepositoryConfigurationDelegate : Finished Spring Data repository scanning in 12 ms. Found 10 JPA repository interfaces.
2024-11-15T13:00:33.687-05:00  INFO 64739 --- [gamestore] [    Test worker] o.s.b.w.embedded.tomcat.TomcatWebServer  : Tomcat initialized with port 0 (http)
2024-11-15T13:00:33.704-05:00  INFO 64739 --- [gamestore] [    Test worker] o.apache.catalina.core.StandardService   : Starting service [Tomcat]
2024-11-15T13:00:33.704-05:00  INFO 64739 --- [gamestore] [    Test worker] o.apache.catalina.core.StandardEngine    : Starting Servlet engine: [Apache Tomcat/10.1.30]
2024-11-15T13:00:33.750-05:00  INFO 64739 --- [gamestore] [    Test worker] o.a.c.c.C.[Tomcat].[localhost].[/]       : Initializing Spring embedded WebApplicationContext
2024-11-15T13:00:33.751-05:00  INFO 64739 --- [gamestore] [    Test worker] w.s.c.ServletWebServerApplicationContext : Root WebApplicationContext: initialization completed in 336 ms
2024-11-15T13:00:33.814-05:00  INFO 64739 --- [gamestore] [    Test worker] o.hibernate.jpa.internal.util.LogHelper  : HHH000204: Processing PersistenceUnitInfo [name: default]
2024-11-15T13:00:33.815-05:00  INFO 64739 --- [gamestore] [    Test worker] o.h.c.internal.RegionFactoryInitiator    : HHH000026: Second-level cache disabled
2024-11-15T13:00:33.819-05:00  INFO 64739 --- [gamestore] [    Test worker] o.s.o.j.p.SpringPersistenceUnitInfo      : No LoadTimeWeaver setup: ignoring JPA class transformer
2024-11-15T13:00:33.820-05:00  INFO 64739 --- [gamestore] [    Test worker] com.zaxxer.hikari.HikariDataSource       : HikariPool-2 - Starting...
2024-11-15T13:00:33.835-05:00  INFO 64739 --- [gamestore] [    Test worker] com.zaxxer.hikari.pool.HikariPool        : HikariPool-2 - Added connection org.postgresql.jdbc.PgConnection@716828b4
2024-11-15T13:00:33.836-05:00  INFO 64739 --- [gamestore] [    Test worker] com.zaxxer.hikari.HikariDataSource       : HikariPool-2 - Start completed.
2024-11-15T13:00:33.839-05:00  WARN 64739 --- [gamestore] [    Test worker] org.hibernate.orm.deprecation            : HHH90000025: PostgreSQLDialect does not need to be specified explicitly using 'hibernate.dialect' (remove the property setting and it will be selected by default)
2024-11-15T13:00:33.980-05:00  INFO 64739 --- [gamestore] [    Test worker] o.h.e.t.j.p.i.JtaPlatformInitiator       : HHH000489: No JTA platform available (set 'hibernate.transaction.jta.platform' to enable JTA platform integration)
2024-11-15T13:00:34.072-05:00  INFO 64739 --- [gamestore] [    Test worker] j.LocalContainerEntityManagerFactoryBean : Initialized JPA EntityManagerFactory for persistence unit 'default'
2024-11-15T13:00:34.140-05:00  WARN 64739 --- [gamestore] [    Test worker] JpaBaseConfiguration$JpaWebConfiguration : spring.jpa.open-in-view is enabled by default. Therefore, database queries may be performed during view rendering. Explicitly configure spring.jpa.open-in-view to disable this warning
2024-11-15T13:00:34.254-05:00  INFO 64739 --- [gamestore] [    Test worker] o.s.b.w.embedded.tomcat.TomcatWebServer  : Tomcat started on port 63421 (http) with context path '/'
2024-11-15T13:00:34.257-05:00  INFO 64739 --- [gamestore] [    Test worker] c.m.e.g.i.CategoryIntegrationTests       : Started CategoryIntegrationTests in 0.862 seconds (process running for 6.116)
2024-11-15T13:00:34.381-05:00  INFO 64739 --- [gamestore] [o-auto-1-exec-1] o.a.c.c.C.[Tomcat].[localhost].[/]       : Initializing Spring DispatcherServlet 'dispatcherServlet'
2024-11-15T13:00:34.381-05:00  INFO 64739 --- [gamestore] [o-auto-1-exec-1] o.s.web.servlet.DispatcherServlet        : Initializing Servlet 'dispatcherServlet'
2024-11-15T13:00:34.382-05:00  INFO 64739 --- [gamestore] [o-auto-1-exec-1] o.s.web.servlet.DispatcherServlet        : Completed initialization in 1 ms
]]></system-out>
  <system-err><![CDATA[]]></system-err>
</testsuite>
