<?xml version="1.0" encoding="UTF-8"?>
<testsuite name="ca.mcgill.ecse321group1.gamestore.integration.CategoryIntegrationTests" tests="8" skipped="0" failures="0" errors="0" timestamp="2024-11-16T17:51:31" hostname="Ivans-MacBook-Air.local" time="0.441">
  <properties/>
  <testcase name="testCreateValidCategory()" classname="ca.mcgill.ecse321group1.gamestore.integration.CategoryIntegrationTests" time="0.18"/>
  <testcase name="testCreateInvalidNameCategory()" classname="ca.mcgill.ecse321group1.gamestore.integration.CategoryIntegrationTests" time="0.008"/>
  <testcase name="testGetValidCategory()" classname="ca.mcgill.ecse321group1.gamestore.integration.CategoryIntegrationTests" time="0.006"/>
  <testcase name="testGetInvalidCategory()" classname="ca.mcgill.ecse321group1.gamestore.integration.CategoryIntegrationTests" time="0.004"/>
  <testcase name="testEditInvalidCategory()" classname="ca.mcgill.ecse321group1.gamestore.integration.CategoryIntegrationTests" time="0.01"/>
  <testcase name="testEditValidCategory()" classname="ca.mcgill.ecse321group1.gamestore.integration.CategoryIntegrationTests" time="0.012"/>
  <testcase name="testDeleteInvalidCategory()" classname="ca.mcgill.ecse321group1.gamestore.integration.CategoryIntegrationTests" time="0.211"/>
  <testcase name="testDeleteValidCategory()" classname="ca.mcgill.ecse321group1.gamestore.integration.CategoryIntegrationTests" time="0.009"/>
  <system-out><![CDATA[2024-11-16T12:51:30.748-05:00  INFO 96011 --- [gamestore] [    Test worker] t.c.s.AnnotationConfigContextLoaderUtils : Could not detect default configuration classes for test class [ca.mcgill.ecse321group1.gamestore.integration.CategoryIntegrationTests]: CategoryIntegrationTests does not declare any static, non-private, non-final, nested classes annotated with @Configuration.
2024-11-16T12:51:30.757-05:00  INFO 96011 --- [gamestore] [    Test worker] .b.t.c.SpringBootTestContextBootstrapper : Found @SpringBootConfiguration ca.mcgill.ecse321group1.gamestore.GamestoreApplication for test class ca.mcgill.ecse321group1.gamestore.integration.CategoryIntegrationTests

  .   ____          _            __ _ _
 /\\ / ___'_ __ _ _(_)_ __  __ _ \ \ \ \
( ( )\___ | '_ | '_| | '_ \/ _` | \ \ \ \
 \\/  ___)| |_)| | | | | || (_| |  ) ) ) )
  '  |____| .__|_| |_|_| |_\__, | / / / /
 =========|_|==============|___/=/_/_/_/

 :: Spring Boot ::                (v3.3.4)

2024-11-16T12:51:30.779-05:00  INFO 96011 --- [gamestore] [    Test worker] c.m.e.g.i.CategoryIntegrationTests       : Starting CategoryIntegrationTests using Java 21.0.5 with PID 96011 (started by izhang2 in /Users/izhang2/Files/McGill/ECSE321/project-group-1/GameStore-Backend)
2024-11-16T12:51:30.779-05:00  INFO 96011 --- [gamestore] [    Test worker] c.m.e.g.i.CategoryIntegrationTests       : No active profile set, falling back to 1 default profile: "default"
2024-11-16T12:51:30.893-05:00  INFO 96011 --- [gamestore] [    Test worker] .s.d.r.c.RepositoryConfigurationDelegate : Bootstrapping Spring Data JPA repositories in DEFAULT mode.
2024-11-16T12:51:30.907-05:00  INFO 96011 --- [gamestore] [    Test worker] .s.d.r.c.RepositoryConfigurationDelegate : Finished Spring Data repository scanning in 13 ms. Found 10 JPA repository interfaces.
2024-11-16T12:51:31.051-05:00  INFO 96011 --- [gamestore] [    Test worker] o.s.b.w.embedded.tomcat.TomcatWebServer  : Tomcat initialized with port 0 (http)
2024-11-16T12:51:31.064-05:00  INFO 96011 --- [gamestore] [    Test worker] o.apache.catalina.core.StandardService   : Starting service [Tomcat]
2024-11-16T12:51:31.064-05:00  INFO 96011 --- [gamestore] [    Test worker] o.apache.catalina.core.StandardEngine    : Starting Servlet engine: [Apache Tomcat/10.1.30]
2024-11-16T12:51:31.118-05:00  INFO 96011 --- [gamestore] [    Test worker] o.a.c.c.C.[Tomcat].[localhost].[/]       : Initializing Spring embedded WebApplicationContext
2024-11-16T12:51:31.118-05:00  INFO 96011 --- [gamestore] [    Test worker] w.s.c.ServletWebServerApplicationContext : Root WebApplicationContext: initialization completed in 338 ms
2024-11-16T12:51:31.180-05:00  INFO 96011 --- [gamestore] [    Test worker] o.hibernate.jpa.internal.util.LogHelper  : HHH000204: Processing PersistenceUnitInfo [name: default]
2024-11-16T12:51:31.181-05:00  INFO 96011 --- [gamestore] [    Test worker] o.h.c.internal.RegionFactoryInitiator    : HHH000026: Second-level cache disabled
2024-11-16T12:51:31.186-05:00  INFO 96011 --- [gamestore] [    Test worker] o.s.o.j.p.SpringPersistenceUnitInfo      : No LoadTimeWeaver setup: ignoring JPA class transformer
2024-11-16T12:51:31.186-05:00  INFO 96011 --- [gamestore] [    Test worker] com.zaxxer.hikari.HikariDataSource       : HikariPool-2 - Starting...
2024-11-16T12:51:31.207-05:00  INFO 96011 --- [gamestore] [    Test worker] com.zaxxer.hikari.pool.HikariPool        : HikariPool-2 - Added connection org.postgresql.jdbc.PgConnection@31ab7614
2024-11-16T12:51:31.208-05:00  INFO 96011 --- [gamestore] [    Test worker] com.zaxxer.hikari.HikariDataSource       : HikariPool-2 - Start completed.
2024-11-16T12:51:31.210-05:00  WARN 96011 --- [gamestore] [    Test worker] org.hibernate.orm.deprecation            : HHH90000025: PostgreSQLDialect does not need to be specified explicitly using 'hibernate.dialect' (remove the property setting and it will be selected by default)
2024-11-16T12:51:31.350-05:00  INFO 96011 --- [gamestore] [    Test worker] o.h.e.t.j.p.i.JtaPlatformInitiator       : HHH000489: No JTA platform available (set 'hibernate.transaction.jta.platform' to enable JTA platform integration)
2024-11-16T12:51:31.461-05:00  INFO 96011 --- [gamestore] [    Test worker] j.LocalContainerEntityManagerFactoryBean : Initialized JPA EntityManagerFactory for persistence unit 'default'
2024-11-16T12:51:31.532-05:00  WARN 96011 --- [gamestore] [    Test worker] JpaBaseConfiguration$JpaWebConfiguration : spring.jpa.open-in-view is enabled by default. Therefore, database queries may be performed during view rendering. Explicitly configure spring.jpa.open-in-view to disable this warning
2024-11-16T12:51:31.644-05:00  INFO 96011 --- [gamestore] [    Test worker] o.s.b.w.embedded.tomcat.TomcatWebServer  : Tomcat started on port 60841 (http) with context path '/'
2024-11-16T12:51:31.647-05:00  INFO 96011 --- [gamestore] [    Test worker] c.m.e.g.i.CategoryIntegrationTests       : Started CategoryIntegrationTests in 0.888 seconds (process running for 6.039)
2024-11-16T12:51:31.771-05:00  INFO 96011 --- [gamestore] [o-auto-1-exec-1] o.a.c.c.C.[Tomcat].[localhost].[/]       : Initializing Spring DispatcherServlet 'dispatcherServlet'
2024-11-16T12:51:31.771-05:00  INFO 96011 --- [gamestore] [o-auto-1-exec-1] o.s.web.servlet.DispatcherServlet        : Initializing Servlet 'dispatcherServlet'
2024-11-16T12:51:31.772-05:00  INFO 96011 --- [gamestore] [o-auto-1-exec-1] o.s.web.servlet.DispatcherServlet        : Completed initialization in 1 ms
]]></system-out>
  <system-err><![CDATA[]]></system-err>
</testsuite>
