<?xml version="1.0" encoding="UTF-8"?>
<testsuite name="ca.mcgill.ecse321group1.gamestore.Repository.OwnerRepositoryTests" tests="1" skipped="0" failures="0" errors="0" timestamp="2024-12-04T18:41:56" hostname="Zacharys-MacBook-Pro.local" time="0.006">
  <properties/>
  <testcase name="testPersistAndLoadOwner()" classname="ca.mcgill.ecse321group1.gamestore.Repository.OwnerRepositoryTests" time="0.006"/>
  <system-out><![CDATA[2024-12-04T13:41:56.609-05:00  INFO 36330 --- [gamestore] [    Test worker] t.c.s.AnnotationConfigContextLoaderUtils : Could not detect default configuration classes for test class [ca.mcgill.ecse321group1.gamestore.Repository.OwnerRepositoryTests]: OwnerRepositoryTests does not declare any static, non-private, non-final, nested classes annotated with @Configuration.
2024-12-04T13:41:56.609-05:00  INFO 36330 --- [gamestore] [    Test worker] .b.t.c.SpringBootTestContextBootstrapper : Found @SpringBootConfiguration ca.mcgill.ecse321group1.gamestore.GamestoreApplication for test class ca.mcgill.ecse321group1.gamestore.Repository.OwnerRepositoryTests
]]></system-out>
  <system-err><![CDATA[]]></system-err>
</testsuite>
