<?xml version="1.0" encoding="UTF-8"?>
<testsuite name="ca.mcgill.ecse321group1.gamestore.Service.ReviewServiceTests" tests="10" skipped="0" failures="0" errors="0" timestamp="2024-12-01T23:53:37" hostname="Viveks-MacBook-Air.local" time="0.074">
  <properties/>
  <testcase name="testGetAllReviewsVideoGame()" classname="ca.mcgill.ecse321group1.gamestore.Service.ReviewServiceTests" time="0.005"/>
  <testcase name="testCreateInvalidSecondReview()" classname="ca.mcgill.ecse321group1.gamestore.Service.ReviewServiceTests" time="0.003"/>
  <testcase name="testDeleteReviewByInvalidID()" classname="ca.mcgill.ecse321group1.gamestore.Service.ReviewServiceTests" time="0.004"/>
  <testcase name="testEditValidReview()" classname="ca.mcgill.ecse321group1.gamestore.Service.ReviewServiceTests" time="0.004"/>
  <testcase name="testEditReviewInvalidDescription()" classname="ca.mcgill.ecse321group1.gamestore.Service.ReviewServiceTests" time="0.003"/>
  <testcase name="testReadReviewByInvalidId()" classname="ca.mcgill.ecse321group1.gamestore.Service.ReviewServiceTests" time="0.003"/>
  <testcase name="testCreateInvalidGamelessReview()" classname="ca.mcgill.ecse321group1.gamestore.Service.ReviewServiceTests" time="0.004"/>
  <testcase name="testCreateValidReview()" classname="ca.mcgill.ecse321group1.gamestore.Service.ReviewServiceTests" time="0.004"/>
  <testcase name="testDeleteReviewByValidID()" classname="ca.mcgill.ecse321group1.gamestore.Service.ReviewServiceTests" time="0.003"/>
  <testcase name="testReadReviewByValidId()" classname="ca.mcgill.ecse321group1.gamestore.Service.ReviewServiceTests" time="0.003"/>
  <system-out><![CDATA[2024-12-01T18:53:37.561-05:00  INFO 45586 --- [gamestore] [    Test worker] t.c.s.AnnotationConfigContextLoaderUtils : Could not detect default configuration classes for test class [ca.mcgill.ecse321group1.gamestore.Service.ReviewServiceTests]: ReviewServiceTests does not declare any static, non-private, non-final, nested classes annotated with @Configuration.
2024-12-01T18:53:37.563-05:00  INFO 45586 --- [gamestore] [    Test worker] .b.t.c.SpringBootTestContextBootstrapper : Found @SpringBootConfiguration ca.mcgill.ecse321group1.gamestore.GamestoreApplication for test class ca.mcgill.ecse321group1.gamestore.Service.ReviewServiceTests
]]></system-out>
  <system-err><![CDATA[]]></system-err>
</testsuite>
