<?xml version="1.0" encoding="UTF-8"?>
<testsuite name="ca.mcgill.ecse321group1.gamestore.Service.CategoryServiceTests" tests="8" skipped="0" failures="0" errors="0" timestamp="2024-12-04T18:41:56" hostname="Zacharys-MacBook-Pro.local" time="0.084">
  <properties/>
  <testcase name="testEditValidCategory()" classname="ca.mcgill.ecse321group1.gamestore.Service.CategoryServiceTests" time="0.043"/>
  <testcase name="testDeleteCategoryByValidID()" classname="ca.mcgill.ecse321group1.gamestore.Service.CategoryServiceTests" time="0.004"/>
  <testcase name="testCreateValidCategory()" classname="ca.mcgill.ecse321group1.gamestore.Service.CategoryServiceTests" time="0.003"/>
  <testcase name="testEditCategoryInvalidDescription()" classname="ca.mcgill.ecse321group1.gamestore.Service.CategoryServiceTests" time="0.006"/>
  <testcase name="testDeleteCategoryByInvalidID()" classname="ca.mcgill.ecse321group1.gamestore.Service.CategoryServiceTests" time="0.004"/>
  <testcase name="testReadCategoryByInvalidId()" classname="ca.mcgill.ecse321group1.gamestore.Service.CategoryServiceTests" time="0.003"/>
  <testcase name="testReadCategoryByValidId()" classname="ca.mcgill.ecse321group1.gamestore.Service.CategoryServiceTests" time="0.003"/>
  <testcase name="testCreateInvalidDuplicateCategory()" classname="ca.mcgill.ecse321group1.gamestore.Service.CategoryServiceTests" time="0.003"/>
  <system-out><![CDATA[2024-12-04T13:41:56.689-05:00  INFO 36330 --- [gamestore] [    Test worker] t.c.s.AnnotationConfigContextLoaderUtils : Could not detect default configuration classes for test class [ca.mcgill.ecse321group1.gamestore.Service.CategoryServiceTests]: CategoryServiceTests does not declare any static, non-private, non-final, nested classes annotated with @Configuration.
2024-12-04T13:41:56.694-05:00  INFO 36330 --- [gamestore] [    Test worker] .b.t.c.SpringBootTestContextBootstrapper : Found @SpringBootConfiguration ca.mcgill.ecse321group1.gamestore.GamestoreApplication for test class ca.mcgill.ecse321group1.gamestore.Service.CategoryServiceTests
]]></system-out>
  <system-err><![CDATA[]]></system-err>
</testsuite>
