<?xml version="1.0" encoding="UTF-8"?>
<testsuite name="ca.mcgill.ecse321group1.gamestore.Service.CustomerServiceTests" tests="8" skipped="0" failures="0" errors="0" timestamp="2024-11-05T00:18:42" hostname="Zacharys-MBP" time="0.039">
  <properties/>
  <testcase name="testReadCustomerByValidId()" classname="ca.mcgill.ecse321group1.gamestore.Service.CustomerServiceTests" time="0.004"/>
  <testcase name="testEditValidCustomer()" classname="ca.mcgill.ecse321group1.gamestore.Service.CustomerServiceTests" time="0.005"/>
  <testcase name="testCreateInvalidCustomer()" classname="ca.mcgill.ecse321group1.gamestore.Service.CustomerServiceTests" time="0.003"/>
  <testcase name="testDeleteCustomerByInvalidID()" classname="ca.mcgill.ecse321group1.gamestore.Service.CustomerServiceTests" time="0.003"/>
  <testcase name="testCreateValidCustomer()" classname="ca.mcgill.ecse321group1.gamestore.Service.CustomerServiceTests" time="0.003"/>
  <testcase name="testReadCustomerByInvalidId()" classname="ca.mcgill.ecse321group1.gamestore.Service.CustomerServiceTests" time="0.003"/>
  <testcase name="testCreateInvalidDuplicateCustomer()" classname="ca.mcgill.ecse321group1.gamestore.Service.CustomerServiceTests" time="0.003"/>
  <testcase name="testDeleteCustomerByValidID()" classname="ca.mcgill.ecse321group1.gamestore.Service.CustomerServiceTests" time="0.002"/>
  <system-out><![CDATA[2024-11-04T19:18:41.923-05:00  INFO 63309 --- [gamestore] [    Test worker] t.c.s.AnnotationConfigContextLoaderUtils : Could not detect default configuration classes for test class [ca.mcgill.ecse321group1.gamestore.Service.CustomerServiceTests]: CustomerServiceTests does not declare any static, non-private, non-final, nested classes annotated with @Configuration.
2024-11-04T19:18:41.925-05:00  INFO 63309 --- [gamestore] [    Test worker] .b.t.c.SpringBootTestContextBootstrapper : Found @SpringBootConfiguration ca.mcgill.ecse321group1.gamestore.GamestoreApplication for test class ca.mcgill.ecse321group1.gamestore.Service.CustomerServiceTests
]]></system-out>
  <system-err><![CDATA[]]></system-err>
</testsuite>
