<?xml version="1.0" encoding="UTF-8"?>
<testsuite name="ca.mcgill.ecse321group1.gamestore.integration.CustomerOrderIntegrationTests" tests="7" skipped="0" failures="0" errors="0" timestamp="2024-12-05T01:35:23" hostname="Ivans-MacBook-Air.local" time="0.116">
  <properties/>
  <testcase name="testCreateCustomerOrder()" classname="ca.mcgill.ecse321group1.gamestore.integration.CustomerOrderIntegrationTests" time="0.055"/>
  <testcase name="testGetCustomerOrdersBySharedId()" classname="ca.mcgill.ecse321group1.gamestore.integration.CustomerOrderIntegrationTests" time="0.008"/>
  <testcase name="testGetOrderTotalPrice()" classname="ca.mcgill.ecse321group1.gamestore.integration.CustomerOrderIntegrationTests" time="0.012"/>
  <testcase name="testGetUnsatisfiedOrder()" classname="ca.mcgill.ecse321group1.gamestore.integration.CustomerOrderIntegrationTests" time="0.006"/>
  <testcase name="testSatisfyOrder()" classname="ca.mcgill.ecse321group1.gamestore.integration.CustomerOrderIntegrationTests" time="0.017"/>
  <testcase name="testGetOrderString()" classname="ca.mcgill.ecse321group1.gamestore.integration.CustomerOrderIntegrationTests" time="0.007"/>
  <testcase name="testDeleteOrdersBySharedId()" classname="ca.mcgill.ecse321group1.gamestore.integration.CustomerOrderIntegrationTests" time="0.01"/>
  <system-out><![CDATA[2024-12-04T20:35:23.846-05:00  INFO 32557 --- [gamestore] [    Test worker] t.c.s.AnnotationConfigContextLoaderUtils : Could not detect default configuration classes for test class [ca.mcgill.ecse321group1.gamestore.integration.CustomerOrderIntegrationTests]: CustomerOrderIntegrationTests does not declare any static, non-private, non-final, nested classes annotated with @Configuration.
2024-12-04T20:35:23.846-05:00  INFO 32557 --- [gamestore] [    Test worker] .b.t.c.SpringBootTestContextBootstrapper : Found @SpringBootConfiguration ca.mcgill.ecse321group1.gamestore.GamestoreApplication for test class ca.mcgill.ecse321group1.gamestore.integration.CustomerOrderIntegrationTests
]]></system-out>
  <system-err><![CDATA[]]></system-err>
</testsuite>
