<?xml version="1.0" encoding="UTF-8"?>
<testsuite name="ca.mcgill.ecse321group1.gamestore.Service.ReplyServiceTests" tests="6" skipped="0" failures="0" errors="0" timestamp="2024-11-27T01:08:19" hostname="Ivans-MacBook-Air.local" time="0.03">
  <properties/>
  <testcase name="testDeleteReplyByValidID()" classname="ca.mcgill.ecse321group1.gamestore.Service.ReplyServiceTests" time="0.003"/>
  <testcase name="testDeleteReviewByInvalidID()" classname="ca.mcgill.ecse321group1.gamestore.Service.ReplyServiceTests" time="0.004"/>
  <testcase name="testEditValidReview()" classname="ca.mcgill.ecse321group1.gamestore.Service.ReplyServiceTests" time="0.003"/>
  <testcase name="testReadReviewByInvalidId()" classname="ca.mcgill.ecse321group1.gamestore.Service.ReplyServiceTests" time="0.003"/>
  <testcase name="testCreateValidReview()" classname="ca.mcgill.ecse321group1.gamestore.Service.ReplyServiceTests" time="0.002"/>
  <testcase name="testReadReviewByValidId()" classname="ca.mcgill.ecse321group1.gamestore.Service.ReplyServiceTests" time="0.002"/>
  <system-out><![CDATA[2024-11-26T20:08:19.369-05:00  INFO 40828 --- [gamestore] [    Test worker] t.c.s.AnnotationConfigContextLoaderUtils : Could not detect default configuration classes for test class [ca.mcgill.ecse321group1.gamestore.Service.ReplyServiceTests]: ReplyServiceTests does not declare any static, non-private, non-final, nested classes annotated with @Configuration.
2024-11-26T20:08:19.370-05:00  INFO 40828 --- [gamestore] [    Test worker] .b.t.c.SpringBootTestContextBootstrapper : Found @SpringBootConfiguration ca.mcgill.ecse321group1.gamestore.GamestoreApplication for test class ca.mcgill.ecse321group1.gamestore.Service.ReplyServiceTests
]]></system-out>
  <system-err><![CDATA[]]></system-err>
</testsuite>
