<?xml version="1.0" encoding="UTF-8"?>
<testsuite name="ca.mcgill.ecse321group1.gamestore.Repository.ReviewRepositoryTests" tests="1" skipped="0" failures="0" errors="0" timestamp="2024-12-05T04:46:28" hostname="Ivans-MacBook-Air.local" time="0.019">
  <properties/>
  <testcase name="testPersistAndLoadReview()" classname="ca.mcgill.ecse321group1.gamestore.Repository.ReviewRepositoryTests" time="0.019"/>
  <system-out><![CDATA[2024-12-04T23:46:28.232-05:00  INFO 94147 --- [gamestore] [    Test worker] t.c.s.AnnotationConfigContextLoaderUtils : Could not detect default configuration classes for test class [ca.mcgill.ecse321group1.gamestore.Repository.ReviewRepositoryTests]: ReviewRepositoryTests does not declare any static, non-private, non-final, nested classes annotated with @Configuration.
2024-12-04T23:46:28.232-05:00  INFO 94147 --- [gamestore] [    Test worker] .b.t.c.SpringBootTestContextBootstrapper : Found @SpringBootConfiguration ca.mcgill.ecse321group1.gamestore.GamestoreApplication for test class ca.mcgill.ecse321group1.gamestore.Repository.ReviewRepositoryTests
]]></system-out>
  <system-err><![CDATA[]]></system-err>
</testsuite>
