<?xml version="1.0" encoding="UTF-8"?>
<testsuite name="ca.mcgill.ecse321group1.gamestore.Service.CustomerOrderServiceTests" tests="4" skipped="0" failures="0" errors="0" timestamp="2024-11-14T01:07:32" hostname="Zacharys-MBP" time="0.04">
  <properties/>
  <testcase name="testGenerateOrdersGetOrders()" classname="ca.mcgill.ecse321group1.gamestore.Service.CustomerOrderServiceTests" time="0.012"/>
  <testcase name="testDeleteOrder()" classname="ca.mcgill.ecse321group1.gamestore.Service.CustomerOrderServiceTests" time="0.006"/>
  <testcase name="testSatisfaction()" classname="ca.mcgill.ecse321group1.gamestore.Service.CustomerOrderServiceTests" time="0.006"/>
  <testcase name="testGetOrders()" classname="ca.mcgill.ecse321group1.gamestore.Service.CustomerOrderServiceTests" time="0.005"/>
  <system-out><![CDATA[2024-11-13T20:07:32.435-05:00  INFO 30816 --- [gamestore] [    Test worker] t.c.s.AnnotationConfigContextLoaderUtils : Could not detect default configuration classes for test class [ca.mcgill.ecse321group1.gamestore.Service.CustomerOrderServiceTests]: CustomerOrderServiceTests does not declare any static, non-private, non-final, nested classes annotated with @Configuration.
2024-11-13T20:07:32.437-05:00  INFO 30816 --- [gamestore] [    Test worker] .b.t.c.SpringBootTestContextBootstrapper : Found @SpringBootConfiguration ca.mcgill.ecse321group1.gamestore.GamestoreApplication for test class ca.mcgill.ecse321group1.gamestore.Service.CustomerOrderServiceTests
]]></system-out>
  <system-err><![CDATA[]]></system-err>
</testsuite>
