<?xml version="1.0" encoding="UTF-8"?>
<testsuite name="ca.mcgill.ecse321group1.gamestore.Service.CustomerServiceTests" tests="8" skipped="0" failures="0" errors="0" timestamp="2024-11-11T05:01:16" hostname="Ivans-MacBook-Air.local" time="0.046">
  <properties/>
  <testcase name="testReadCustomerByValidId()" classname="ca.mcgill.ecse321group1.gamestore.Service.CustomerServiceTests" time="0.006"/>
  <testcase name="testEditValidCustomer()" classname="ca.mcgill.ecse321group1.gamestore.Service.CustomerServiceTests" time="0.005"/>
  <testcase name="testCreateInvalidCustomer()" classname="ca.mcgill.ecse321group1.gamestore.Service.CustomerServiceTests" time="0.003"/>
  <testcase name="testDeleteCustomerByInvalidID()" classname="ca.mcgill.ecse321group1.gamestore.Service.CustomerServiceTests" time="0.006"/>
  <testcase name="testCreateValidCustomer()" classname="ca.mcgill.ecse321group1.gamestore.Service.CustomerServiceTests" time="0.005"/>
  <testcase name="testReadCustomerByInvalidId()" classname="ca.mcgill.ecse321group1.gamestore.Service.CustomerServiceTests" time="0.003"/>
  <testcase name="testCreateInvalidDuplicateCustomer()" classname="ca.mcgill.ecse321group1.gamestore.Service.CustomerServiceTests" time="0.002"/>
  <testcase name="testDeleteCustomerByValidID()" classname="ca.mcgill.ecse321group1.gamestore.Service.CustomerServiceTests" time="0.002"/>
  <system-out><![CDATA[2024-11-11T00:01:16.818-05:00  INFO 40720 --- [gamestore] [    Test worker] t.c.s.AnnotationConfigContextLoaderUtils : Could not detect default configuration classes for test class [ca.mcgill.ecse321group1.gamestore.Service.CustomerServiceTests]: CustomerServiceTests does not declare any static, non-private, non-final, nested classes annotated with @Configuration.
2024-11-11T00:01:16.819-05:00  INFO 40720 --- [gamestore] [    Test worker] .b.t.c.SpringBootTestContextBootstrapper : Found @SpringBootConfiguration ca.mcgill.ecse321group1.gamestore.GamestoreApplication for test class ca.mcgill.ecse321group1.gamestore.Service.CustomerServiceTests
]]></system-out>
  <system-err><![CDATA[]]></system-err>
</testsuite>
