<?xml version="1.0" encoding="UTF-8"?>
<testsuite name="ca.mcgill.ecse321group1.gamestore.Repository.CustomerOrderRepositoryTests" tests="1" skipped="0" failures="0" errors="0" timestamp="2024-11-06T04:09:22" hostname="Zacharys-MBP" time="0.023">
  <properties/>
  <testcase name="testPersistAndLoadCustomerOrder()" classname="ca.mcgill.ecse321group1.gamestore.Repository.CustomerOrderRepositoryTests" time="0.023"/>
  <system-out><![CDATA[2024-11-05T23:09:22.558-05:00  INFO 77566 --- [gamestore] [    Test worker] t.c.s.AnnotationConfigContextLoaderUtils : Could not detect default configuration classes for test class [ca.mcgill.ecse321group1.gamestore.Repository.CustomerOrderRepositoryTests]: CustomerOrderRepositoryTests does not declare any static, non-private, non-final, nested classes annotated with @Configuration.
2024-11-05T23:09:22.559-05:00  INFO 77566 --- [gamestore] [    Test worker] .b.t.c.SpringBootTestContextBootstrapper : Found @SpringBootConfiguration ca.mcgill.ecse321group1.gamestore.GamestoreApplication for test class ca.mcgill.ecse321group1.gamestore.Repository.CustomerOrderRepositoryTests
]]></system-out>
  <system-err><![CDATA[]]></system-err>
</testsuite>
