<?xml version="1.0" encoding="UTF-8"?>
<testsuite name="ca.mcgill.ecse321group1.gamestore.integration.CustomerIntegrationTests" tests="11" skipped="0" failures="2" errors="0" timestamp="2024-12-05T01:15:42" hostname="Ivans-MacBook-Air.local" time="0.977">
  <properties/>
  <testcase name="testCreateValidCustomer()" classname="ca.mcgill.ecse321group1.gamestore.integration.CustomerIntegrationTests" time="0.601"/>
  <testcase name="testCreateInvalidCustomer()" classname="ca.mcgill.ecse321group1.gamestore.integration.CustomerIntegrationTests" time="0.018"/>
  <testcase name="testGetValidCustomer()" classname="ca.mcgill.ecse321group1.gamestore.integration.CustomerIntegrationTests" time="0.024"/>
  <testcase name="testGetInvalidCustomer()" classname="ca.mcgill.ecse321group1.gamestore.integration.CustomerIntegrationTests" time="0.007"/>
  <testcase name="testEditInvalidCustomer()" classname="ca.mcgill.ecse321group1.gamestore.integration.CustomerIntegrationTests" time="0.011"/>
  <testcase name="testEditValidCustomer()" classname="ca.mcgill.ecse321group1.gamestore.integration.CustomerIntegrationTests" time="0.022"/>
  <testcase name="testAddGameToCustomerCart()" classname="ca.mcgill.ecse321group1.gamestore.integration.CustomerIntegrationTests" time="0.034">
    <failure message="org.opentest4j.AssertionFailedError: expected: &lt;200 OK&gt; but was: &lt;405 METHOD_NOT_ALLOWED&gt;" type="org.opentest4j.AssertionFailedError">org.opentest4j.AssertionFailedError: expected: &lt;200 OK&gt; but was: &lt;405 METHOD_NOT_ALLOWED&gt;
	at app//org.junit.jupiter.api.AssertionFailureBuilder.build(AssertionFailureBuilder.java:151)
	at app//org.junit.jupiter.api.AssertionFailureBuilder.buildAndThrow(AssertionFailureBuilder.java:132)
	at app//org.junit.jupiter.api.AssertEquals.failNotEqual(AssertEquals.java:197)
	at app//org.junit.jupiter.api.AssertEquals.assertEquals(AssertEquals.java:182)
	at app//org.junit.jupiter.api.AssertEquals.assertEquals(AssertEquals.java:177)
	at app//org.junit.jupiter.api.Assertions.assertEquals(Assertions.java:1145)
	at app//ca.mcgill.ecse321group1.gamestore.integration.CustomerIntegrationTests.testAddGameToCustomerCart(CustomerIntegrationTests.java:233)
	at java.base@21.0.5/java.lang.reflect.Method.invoke(Method.java:580)
	at java.base@21.0.5/java.util.ArrayList.forEach(ArrayList.java:1596)
	at java.base@21.0.5/java.util.ArrayList.forEach(ArrayList.java:1596)
</failure>
  </testcase>
  <testcase name="testAddGameToWishlist()" classname="ca.mcgill.ecse321group1.gamestore.integration.CustomerIntegrationTests" time="0.212"/>
  <testcase name="testRemoveGameFromWishlist()" classname="ca.mcgill.ecse321group1.gamestore.integration.CustomerIntegrationTests" time="0.014"/>
  <testcase name="testRemoveGameFromCart()" classname="ca.mcgill.ecse321group1.gamestore.integration.CustomerIntegrationTests" time="0.013"/>
  <testcase name="testClearCart()" classname="ca.mcgill.ecse321group1.gamestore.integration.CustomerIntegrationTests" time="0.018">
    <failure message="org.opentest4j.AssertionFailedError: expected: &lt;200 OK&gt; but was: &lt;405 METHOD_NOT_ALLOWED&gt;" type="org.opentest4j.AssertionFailedError">org.opentest4j.AssertionFailedError: expected: &lt;200 OK&gt; but was: &lt;405 METHOD_NOT_ALLOWED&gt;
	at app//org.junit.jupiter.api.AssertionFailureBuilder.build(AssertionFailureBuilder.java:151)
	at app//org.junit.jupiter.api.AssertionFailureBuilder.buildAndThrow(AssertionFailureBuilder.java:132)
	at app//org.junit.jupiter.api.AssertEquals.failNotEqual(AssertEquals.java:197)
	at app//org.junit.jupiter.api.AssertEquals.assertEquals(AssertEquals.java:182)
	at app//org.junit.jupiter.api.AssertEquals.assertEquals(AssertEquals.java:177)
	at app//org.junit.jupiter.api.Assertions.assertEquals(Assertions.java:1145)
	at app//ca.mcgill.ecse321group1.gamestore.integration.CustomerIntegrationTests.testClearCart(CustomerIntegrationTests.java:346)
	at java.base@21.0.5/java.lang.reflect.Method.invoke(Method.java:580)
	at java.base@21.0.5/java.util.ArrayList.forEach(ArrayList.java:1596)
	at java.base@21.0.5/java.util.ArrayList.forEach(ArrayList.java:1596)
</failure>
  </testcase>
  <system-out><![CDATA[20:15:39.640 [Test worker] INFO org.springframework.test.context.support.AnnotationConfigContextLoaderUtils -- Could not detect default configuration classes for test class [ca.mcgill.ecse321group1.gamestore.integration.CustomerIntegrationTests]: CustomerIntegrationTests does not declare any static, non-private, non-final, nested classes annotated with @Configuration.
20:15:39.713 [Test worker] INFO org.springframework.boot.test.context.SpringBootTestContextBootstrapper -- Found @SpringBootConfiguration ca.mcgill.ecse321group1.gamestore.GamestoreApplication for test class ca.mcgill.ecse321group1.gamestore.integration.CustomerIntegrationTests

  .   ____          _            __ _ _
 /\\ / ___'_ __ _ _(_)_ __  __ _ \ \ \ \
( ( )\___ | '_ | '_| | '_ \/ _` | \ \ \ \
 \\/  ___)| |_)| | | | | || (_| |  ) ) ) )
  '  |____| .__|_| |_|_| |_\__, | / / / /
 =========|_|==============|___/=/_/_/_/

 :: Spring Boot ::                (v3.3.4)

2024-12-04T20:15:40.038-05:00  INFO 25379 --- [gamestore] [    Test worker] c.m.e.g.i.CustomerIntegrationTests       : Starting CustomerIntegrationTests using Java 21.0.5 with PID 25379 (started by izhang2 in /Users/izhang2/Files/McGill/ECSE321/project-group-1/GameStore-Backend)
2024-12-04T20:15:40.039-05:00  INFO 25379 --- [gamestore] [    Test worker] c.m.e.g.i.CustomerIntegrationTests       : No active profile set, falling back to 1 default profile: "default"
2024-12-04T20:15:40.500-05:00  INFO 25379 --- [gamestore] [    Test worker] .s.d.r.c.RepositoryConfigurationDelegate : Bootstrapping Spring Data JPA repositories in DEFAULT mode.
2024-12-04T20:15:40.542-05:00  INFO 25379 --- [gamestore] [    Test worker] .s.d.r.c.RepositoryConfigurationDelegate : Finished Spring Data repository scanning in 37 ms. Found 10 JPA repository interfaces.
2024-12-04T20:15:40.837-05:00  INFO 25379 --- [gamestore] [    Test worker] o.s.b.w.embedded.tomcat.TomcatWebServer  : Tomcat initialized with port 0 (http)
2024-12-04T20:15:40.847-05:00  INFO 25379 --- [gamestore] [    Test worker] o.apache.catalina.core.StandardService   : Starting service [Tomcat]
2024-12-04T20:15:40.847-05:00  INFO 25379 --- [gamestore] [    Test worker] o.apache.catalina.core.StandardEngine    : Starting Servlet engine: [Apache Tomcat/10.1.30]
2024-12-04T20:15:40.883-05:00  INFO 25379 --- [gamestore] [    Test worker] o.a.c.c.C.[Tomcat].[localhost].[/]       : Initializing Spring embedded WebApplicationContext
2024-12-04T20:15:40.884-05:00  INFO 25379 --- [gamestore] [    Test worker] w.s.c.ServletWebServerApplicationContext : Root WebApplicationContext: initialization completed in 833 ms
2024-12-04T20:15:40.981-05:00  INFO 25379 --- [gamestore] [    Test worker] o.hibernate.jpa.internal.util.LogHelper  : HHH000204: Processing PersistenceUnitInfo [name: default]
2024-12-04T20:15:41.025-05:00  INFO 25379 --- [gamestore] [    Test worker] org.hibernate.Version                    : HHH000412: Hibernate ORM core version 6.5.3.Final
2024-12-04T20:15:41.048-05:00  INFO 25379 --- [gamestore] [    Test worker] o.h.c.internal.RegionFactoryInitiator    : HHH000026: Second-level cache disabled
2024-12-04T20:15:41.253-05:00  INFO 25379 --- [gamestore] [    Test worker] o.s.o.j.p.SpringPersistenceUnitInfo      : No LoadTimeWeaver setup: ignoring JPA class transformer
2024-12-04T20:15:41.273-05:00  INFO 25379 --- [gamestore] [    Test worker] com.zaxxer.hikari.HikariDataSource       : HikariPool-1 - Starting...
2024-12-04T20:15:41.419-05:00  INFO 25379 --- [gamestore] [    Test worker] com.zaxxer.hikari.pool.HikariPool        : HikariPool-1 - Added connection org.postgresql.jdbc.PgConnection@4284bd5
2024-12-04T20:15:41.420-05:00  INFO 25379 --- [gamestore] [    Test worker] com.zaxxer.hikari.HikariDataSource       : HikariPool-1 - Start completed.
2024-12-04T20:15:41.447-05:00  WARN 25379 --- [gamestore] [    Test worker] org.hibernate.orm.deprecation            : HHH90000025: PostgreSQLDialect does not need to be specified explicitly using 'hibernate.dialect' (remove the property setting and it will be selected by default)
2024-12-04T20:15:42.165-05:00  INFO 25379 --- [gamestore] [    Test worker] o.h.e.t.j.p.i.JtaPlatformInitiator       : HHH000489: No JTA platform available (set 'hibernate.transaction.jta.platform' to enable JTA platform integration)
2024-12-04T20:15:42.325-05:00  INFO 25379 --- [gamestore] [    Test worker] j.LocalContainerEntityManagerFactoryBean : Initialized JPA EntityManagerFactory for persistence unit 'default'
2024-12-04T20:15:42.656-05:00  WARN 25379 --- [gamestore] [    Test worker] JpaBaseConfiguration$JpaWebConfiguration : spring.jpa.open-in-view is enabled by default. Therefore, database queries may be performed during view rendering. Explicitly configure spring.jpa.open-in-view to disable this warning
2024-12-04T20:15:42.910-05:00  INFO 25379 --- [gamestore] [    Test worker] o.s.b.w.embedded.tomcat.TomcatWebServer  : Tomcat started on port 60586 (http) with context path '/'
2024-12-04T20:15:42.916-05:00  INFO 25379 --- [gamestore] [    Test worker] c.m.e.g.i.CustomerIntegrationTests       : Started CustomerIntegrationTests in 3.124 seconds (process running for 4.043)
2024-12-04T20:15:43.327-05:00  INFO 25379 --- [gamestore] [o-auto-1-exec-1] o.a.c.c.C.[Tomcat].[localhost].[/]       : Initializing Spring DispatcherServlet 'dispatcherServlet'
2024-12-04T20:15:43.328-05:00  INFO 25379 --- [gamestore] [o-auto-1-exec-1] o.s.web.servlet.DispatcherServlet        : Initializing Servlet 'dispatcherServlet'
2024-12-04T20:15:43.328-05:00  INFO 25379 --- [gamestore] [o-auto-1-exec-1] o.s.web.servlet.DispatcherServlet        : Completed initialization in 0 ms
2024-12-04T20:15:43.534-05:00  WARN 25379 --- [gamestore] [o-auto-1-exec-2] .w.s.m.s.DefaultHandlerExceptionResolver : Resolved [org.springframework.web.bind.MethodArgumentNotValidException: Validation failed for argument [0] in public ca.mcgill.ecse321group1.gamestore.dto.PersonResponseDto ca.mcgill.ecse321group1.gamestore.controller.CustomerController.createCustomer(ca.mcgill.ecse321group1.gamestore.dto.PersonRequestDto): [Field error in object 'personRequestDto' on field 'username': rejected value [null]; codes [NotBlank.personRequestDto.username,NotBlank.username,NotBlank.java.lang.String,NotBlank]; arguments [org.springframework.context.support.DefaultMessageSourceResolvable: codes [personRequestDto.username,username]; arguments []; default message [username]]; default message [Person username is required.]] ]
2024-12-04T20:15:43.579-05:00  WARN 25379 --- [gamestore] [o-auto-1-exec-5] .w.s.m.s.DefaultHandlerExceptionResolver : Resolved [org.springframework.web.bind.MethodArgumentNotValidException: Validation failed for argument [1] in public ca.mcgill.ecse321group1.gamestore.dto.PersonResponseDto ca.mcgill.ecse321group1.gamestore.controller.CustomerController.editCustomerById(int,ca.mcgill.ecse321group1.gamestore.dto.PersonRequestDto): [Field error in object 'personRequestDto' on field 'username': rejected value [null]; codes [NotBlank.personRequestDto.username,NotBlank.username,NotBlank.java.lang.String,NotBlank]; arguments [org.springframework.context.support.DefaultMessageSourceResolvable: codes [personRequestDto.username,username]; arguments []; default message [username]]; default message [Person username is required.]] ]
2024-12-04T20:15:43.637-05:00  WARN 25379 --- [gamestore] [o-auto-1-exec-1] .w.s.m.s.DefaultHandlerExceptionResolver : Resolved [org.springframework.web.HttpRequestMethodNotSupportedException: Request method 'POST' is not supported]
2024-12-04T20:15:43.897-05:00  WARN 25379 --- [gamestore] [-auto-1-exec-10] .w.s.m.s.DefaultHandlerExceptionResolver : Resolved [org.springframework.web.HttpRequestMethodNotSupportedException: Request method 'POST' is not supported]
2024-12-04T20:15:43.900-05:00  WARN 25379 --- [gamestore] [o-auto-1-exec-1] .w.s.m.s.DefaultHandlerExceptionResolver : Resolved [org.springframework.web.HttpRequestMethodNotSupportedException: Request method 'POST' is not supported]
]]></system-out>
  <system-err><![CDATA[WARNING: A Java agent has been loaded dynamically (/Users/izhang2/.gradle/caches/modules-2/files-2.1/net.bytebuddy/byte-buddy-agent/1.14.19/154da3a65b4f4a909d3e5bdec55d1b2b4cbb6ce1/byte-buddy-agent-1.14.19.jar)
WARNING: If a serviceability tool is in use, please run with -XX:+EnableDynamicAgentLoading to hide this warning
WARNING: If a serviceability tool is not in use, please run with -Djdk.instrument.traceUsage for more information
WARNING: Dynamic loading of agents will be disallowed by default in a future release
]]></system-err>
</testsuite>
