<?xml version="1.0" encoding="UTF-8"?>
<testsuite name="ca.mcgill.ecse321group1.gamestore.integration.StaffIntegrationTests" tests="8" skipped="0" failures="0" errors="0" timestamp="2024-11-15T18:00:34" hostname="Ivans-MacBook-Air.local" time="0.052">
  <properties/>
  <testcase name="testCreateValidStaff()" classname="ca.mcgill.ecse321group1.gamestore.integration.StaffIntegrationTests" time="0.007"/>
  <testcase name="testCreateInvalidStaff()" classname="ca.mcgill.ecse321group1.gamestore.integration.StaffIntegrationTests" time="0.004"/>
  <testcase name="testGetValidStaff()" classname="ca.mcgill.ecse321group1.gamestore.integration.StaffIntegrationTests" time="0.004"/>
  <testcase name="testGetInvalidStaff()" classname="ca.mcgill.ecse321group1.gamestore.integration.StaffIntegrationTests" time="0.004"/>
  <testcase name="testEditInvalidStaff()" classname="ca.mcgill.ecse321group1.gamestore.integration.StaffIntegrationTests" time="0.007"/>
  <testcase name="testEditValidStaff()" classname="ca.mcgill.ecse321group1.gamestore.integration.StaffIntegrationTests" time="0.01"/>
  <testcase name="testDeleteInvalidStaff()" classname="ca.mcgill.ecse321group1.gamestore.integration.StaffIntegrationTests" time="0.007"/>
  <testcase name="testDeleteValidStaff()" classname="ca.mcgill.ecse321group1.gamestore.integration.StaffIntegrationTests" time="0.008"/>
  <system-out><![CDATA[2024-11-15T13:00:34.905-05:00  INFO 64739 --- [gamestore] [    Test worker] t.c.s.AnnotationConfigContextLoaderUtils : Could not detect default configuration classes for test class [ca.mcgill.ecse321group1.gamestore.integration.StaffIntegrationTests]: StaffIntegrationTests does not declare any static, non-private, non-final, nested classes annotated with @Configuration.
2024-11-15T13:00:34.906-05:00  INFO 64739 --- [gamestore] [    Test worker] .b.t.c.SpringBootTestContextBootstrapper : Found @SpringBootConfiguration ca.mcgill.ecse321group1.gamestore.GamestoreApplication for test class ca.mcgill.ecse321group1.gamestore.integration.StaffIntegrationTests
2024-11-15T13:00:34.929-05:00  WARN 64739 --- [gamestore] [o-auto-1-exec-1] .w.s.m.s.DefaultHandlerExceptionResolver : Resolved [org.springframework.web.bind.MethodArgumentNotValidException: Validation failed for argument [1] in public ca.mcgill.ecse321group1.gamestore.dto.PersonResponseDto ca.mcgill.ecse321group1.gamestore.controller.StaffController.editStaffById(int,ca.mcgill.ecse321group1.gamestore.dto.PersonRequestDto): [Field error in object 'personRequestDto' on field 'username': rejected value [null]; codes [NotBlank.personRequestDto.username,NotBlank.username,NotBlank.java.lang.String,NotBlank]; arguments [org.springframework.context.support.DefaultMessageSourceResolvable: codes [personRequestDto.username,username]; arguments []; default message [username]]; default message [Person username is required.]] ]
]]></system-out>
  <system-err><![CDATA[]]></system-err>
</testsuite>
