<?xml version="1.0" encoding="UTF-8"?>
<testsuite name="ca.mcgill.ecse321group1.gamestore.GamestoreApplicationTests" tests="1" skipped="0" failures="0" errors="0" timestamp="2024-11-27T01:08:18" hostname="Ivans-MacBook-Air.local" time="0.001">
  <properties/>
  <testcase name="contextLoads()" classname="ca.mcgill.ecse321group1.gamestore.GamestoreApplicationTests" time="0.001"/>
  <system-out><![CDATA[2024-11-26T20:08:18.163-05:00  INFO 40828 --- [gamestore] [    Test worker] t.c.s.AnnotationConfigContextLoaderUtils : Could not detect default configuration classes for test class [ca.mcgill.ecse321group1.gamestore.GamestoreApplicationTests]: GamestoreApplicationTests does not declare any static, non-private, non-final, nested classes annotated with @Configuration.
2024-11-26T20:08:18.166-05:00  INFO 40828 --- [gamestore] [    Test worker] .b.t.c.SpringBootTestContextBootstrapper : Found @SpringBootConfiguration ca.mcgill.ecse321group1.gamestore.GamestoreApplication for test class ca.mcgill.ecse321group1.gamestore.GamestoreApplicationTests

  .   ____          _            __ _ _
 /\\ / ___'_ __ _ _(_)_ __  __ _ \ \ \ \
( ( )\___ | '_ | '_| | '_ \/ _` | \ \ \ \
 \\/  ___)| |_)| | | | | || (_| |  ) ) ) )
  '  |____| .__|_| |_|_| |_\__, | / / / /
 =========|_|==============|___/=/_/_/_/

 :: Spring Boot ::                (v3.3.4)

2024-11-26T20:08:18.177-05:00  INFO 40828 --- [gamestore] [    Test worker] c.m.e.g.GamestoreApplicationTests        : Starting GamestoreApplicationTests using Java 21.0.5 with PID 40828 (started by izhang2 in /Users/izhang2/Files/McGill/ECSE321/project-group-1/GameStore-Backend)
2024-11-26T20:08:18.178-05:00  INFO 40828 --- [gamestore] [    Test worker] c.m.e.g.GamestoreApplicationTests        : No active profile set, falling back to 1 default profile: "default"
2024-11-26T20:08:18.259-05:00  INFO 40828 --- [gamestore] [    Test worker] .s.d.r.c.RepositoryConfigurationDelegate : Bootstrapping Spring Data JPA repositories in DEFAULT mode.
2024-11-26T20:08:18.265-05:00  INFO 40828 --- [gamestore] [    Test worker] .s.d.r.c.RepositoryConfigurationDelegate : Finished Spring Data repository scanning in 6 ms. Found 10 JPA repository interfaces.
2024-11-26T20:08:18.305-05:00  INFO 40828 --- [gamestore] [    Test worker] o.hibernate.jpa.internal.util.LogHelper  : HHH000204: Processing PersistenceUnitInfo [name: default]
2024-11-26T20:08:18.306-05:00  INFO 40828 --- [gamestore] [    Test worker] o.h.c.internal.RegionFactoryInitiator    : HHH000026: Second-level cache disabled
2024-11-26T20:08:18.309-05:00  INFO 40828 --- [gamestore] [    Test worker] o.s.o.j.p.SpringPersistenceUnitInfo      : No LoadTimeWeaver setup: ignoring JPA class transformer
2024-11-26T20:08:18.310-05:00  INFO 40828 --- [gamestore] [    Test worker] com.zaxxer.hikari.HikariDataSource       : HikariPool-2 - Starting...
2024-11-26T20:08:18.321-05:00  INFO 40828 --- [gamestore] [    Test worker] com.zaxxer.hikari.pool.HikariPool        : HikariPool-2 - Added connection org.postgresql.jdbc.PgConnection@42e856b6
2024-11-26T20:08:18.321-05:00  INFO 40828 --- [gamestore] [    Test worker] com.zaxxer.hikari.HikariDataSource       : HikariPool-2 - Start completed.
2024-11-26T20:08:18.322-05:00  WARN 40828 --- [gamestore] [    Test worker] org.hibernate.orm.deprecation            : HHH90000025: PostgreSQLDialect does not need to be specified explicitly using 'hibernate.dialect' (remove the property setting and it will be selected by default)
2024-11-26T20:08:18.407-05:00  INFO 40828 --- [gamestore] [    Test worker] o.h.e.t.j.p.i.JtaPlatformInitiator       : HHH000489: No JTA platform available (set 'hibernate.transaction.jta.platform' to enable JTA platform integration)
2024-11-26T20:08:18.489-05:00  INFO 40828 --- [gamestore] [    Test worker] j.LocalContainerEntityManagerFactoryBean : Initialized JPA EntityManagerFactory for persistence unit 'default'
2024-11-26T20:08:18.542-05:00  WARN 40828 --- [gamestore] [    Test worker] JpaBaseConfiguration$JpaWebConfiguration : spring.jpa.open-in-view is enabled by default. Therefore, database queries may be performed during view rendering. Explicitly configure spring.jpa.open-in-view to disable this warning
2024-11-26T20:08:18.603-05:00  INFO 40828 --- [gamestore] [    Test worker] c.m.e.g.GamestoreApplicationTests        : Started GamestoreApplicationTests in 0.433 seconds (process running for 5.159)
]]></system-out>
  <system-err><![CDATA[]]></system-err>
</testsuite>
