<?xml version="1.0" encoding="UTF-8"?>
<testsuite name="ca.mcgill.ecse321group1.gamestore.integration.ReviewIntegrationTests" tests="9" skipped="0" failures="0" errors="0" timestamp="2024-11-27T01:08:17" hostname="Ivans-MacBook-Air.local" time="0.939">
  <properties/>
  <testcase name="testCreateReview()" classname="ca.mcgill.ecse321group1.gamestore.integration.ReviewIntegrationTests" time="0.663"/>
  <testcase name="testCreateInvalidReview()" classname="ca.mcgill.ecse321group1.gamestore.integration.ReviewIntegrationTests" time="0.011"/>
  <testcase name="testGetValidReview()" classname="ca.mcgill.ecse321group1.gamestore.integration.ReviewIntegrationTests" time="0.008"/>
  <testcase name="testGetInvalidReview()" classname="ca.mcgill.ecse321group1.gamestore.integration.ReviewIntegrationTests" time="0.005"/>
  <testcase name="testEditValidReview()" classname="ca.mcgill.ecse321group1.gamestore.integration.ReviewIntegrationTests" time="0.018"/>
  <testcase name="testEditInvalidReview()" classname="ca.mcgill.ecse321group1.gamestore.integration.ReviewIntegrationTests" time="0.02"/>
  <testcase name="testGetReviewsForValidVideoGameId()" classname="ca.mcgill.ecse321group1.gamestore.integration.ReviewIntegrationTests" time="0.009"/>
  <testcase name="testGetReviewsForInvalidVideoGameId()" classname="ca.mcgill.ecse321group1.gamestore.integration.ReviewIntegrationTests" time="0.005"/>
  <testcase name="testDeleteReviewById()" classname="ca.mcgill.ecse321group1.gamestore.integration.ReviewIntegrationTests" time="0.198"/>
  <system-out><![CDATA[20:08:14.117 [Test worker] INFO org.springframework.test.context.support.AnnotationConfigContextLoaderUtils -- Could not detect default configuration classes for test class [ca.mcgill.ecse321group1.gamestore.integration.ReviewIntegrationTests]: ReviewIntegrationTests does not declare any static, non-private, non-final, nested classes annotated with @Configuration.
20:08:14.189 [Test worker] INFO org.springframework.boot.test.context.SpringBootTestContextBootstrapper -- Found @SpringBootConfiguration ca.mcgill.ecse321group1.gamestore.GamestoreApplication for test class ca.mcgill.ecse321group1.gamestore.integration.ReviewIntegrationTests

  .   ____          _            __ _ _
 /\\ / ___'_ __ _ _(_)_ __  __ _ \ \ \ \
( ( )\___ | '_ | '_| | '_ \/ _` | \ \ \ \
 \\/  ___)| |_)| | | | | || (_| |  ) ) ) )
  '  |____| .__|_| |_|_| |_\__, | / / / /
 =========|_|==============|___/=/_/_/_/

 :: Spring Boot ::                (v3.3.4)

2024-11-26T20:08:14.413-05:00  INFO 40828 --- [gamestore] [    Test worker] c.m.e.g.i.ReviewIntegrationTests         : Starting ReviewIntegrationTests using Java 21.0.5 with PID 40828 (started by izhang2 in /Users/izhang2/Files/McGill/ECSE321/project-group-1/GameStore-Backend)
2024-11-26T20:08:14.413-05:00  INFO 40828 --- [gamestore] [    Test worker] c.m.e.g.i.ReviewIntegrationTests         : No active profile set, falling back to 1 default profile: "default"
2024-11-26T20:08:14.840-05:00  INFO 40828 --- [gamestore] [    Test worker] .s.d.r.c.RepositoryConfigurationDelegate : Bootstrapping Spring Data JPA repositories in DEFAULT mode.
2024-11-26T20:08:14.883-05:00  INFO 40828 --- [gamestore] [    Test worker] .s.d.r.c.RepositoryConfigurationDelegate : Finished Spring Data repository scanning in 38 ms. Found 10 JPA repository interfaces.
2024-11-26T20:08:15.175-05:00  INFO 40828 --- [gamestore] [    Test worker] o.s.b.w.embedded.tomcat.TomcatWebServer  : Tomcat initialized with port 0 (http)
2024-11-26T20:08:15.185-05:00  INFO 40828 --- [gamestore] [    Test worker] o.apache.catalina.core.StandardService   : Starting service [Tomcat]
2024-11-26T20:08:15.185-05:00  INFO 40828 --- [gamestore] [    Test worker] o.apache.catalina.core.StandardEngine    : Starting Servlet engine: [Apache Tomcat/10.1.30]
2024-11-26T20:08:15.219-05:00  INFO 40828 --- [gamestore] [    Test worker] o.a.c.c.C.[Tomcat].[localhost].[/]       : Initializing Spring embedded WebApplicationContext
2024-11-26T20:08:15.220-05:00  INFO 40828 --- [gamestore] [    Test worker] w.s.c.ServletWebServerApplicationContext : Root WebApplicationContext: initialization completed in 796 ms
2024-11-26T20:08:15.313-05:00  INFO 40828 --- [gamestore] [    Test worker] o.hibernate.jpa.internal.util.LogHelper  : HHH000204: Processing PersistenceUnitInfo [name: default]
2024-11-26T20:08:15.350-05:00  INFO 40828 --- [gamestore] [    Test worker] org.hibernate.Version                    : HHH000412: Hibernate ORM core version 6.5.3.Final
2024-11-26T20:08:15.370-05:00  INFO 40828 --- [gamestore] [    Test worker] o.h.c.internal.RegionFactoryInitiator    : HHH000026: Second-level cache disabled
2024-11-26T20:08:15.562-05:00  INFO 40828 --- [gamestore] [    Test worker] o.s.o.j.p.SpringPersistenceUnitInfo      : No LoadTimeWeaver setup: ignoring JPA class transformer
2024-11-26T20:08:15.579-05:00  INFO 40828 --- [gamestore] [    Test worker] com.zaxxer.hikari.HikariDataSource       : HikariPool-1 - Starting...
2024-11-26T20:08:15.701-05:00  INFO 40828 --- [gamestore] [    Test worker] com.zaxxer.hikari.pool.HikariPool        : HikariPool-1 - Added connection org.postgresql.jdbc.PgConnection@34c73992
2024-11-26T20:08:15.702-05:00  INFO 40828 --- [gamestore] [    Test worker] com.zaxxer.hikari.HikariDataSource       : HikariPool-1 - Start completed.
2024-11-26T20:08:15.727-05:00  WARN 40828 --- [gamestore] [    Test worker] org.hibernate.orm.deprecation            : HHH90000025: PostgreSQLDialect does not need to be specified explicitly using 'hibernate.dialect' (remove the property setting and it will be selected by default)
2024-11-26T20:08:16.473-05:00  INFO 40828 --- [gamestore] [    Test worker] o.h.e.t.j.p.i.JtaPlatformInitiator       : HHH000489: No JTA platform available (set 'hibernate.transaction.jta.platform' to enable JTA platform integration)
2024-11-26T20:08:16.619-05:00  INFO 40828 --- [gamestore] [    Test worker] j.LocalContainerEntityManagerFactoryBean : Initialized JPA EntityManagerFactory for persistence unit 'default'
2024-11-26T20:08:16.941-05:00  WARN 40828 --- [gamestore] [    Test worker] JpaBaseConfiguration$JpaWebConfiguration : spring.jpa.open-in-view is enabled by default. Therefore, database queries may be performed during view rendering. Explicitly configure spring.jpa.open-in-view to disable this warning
2024-11-26T20:08:17.195-05:00  INFO 40828 --- [gamestore] [    Test worker] o.s.b.w.embedded.tomcat.TomcatWebServer  : Tomcat started on port 55399 (http) with context path '/'
2024-11-26T20:08:17.201-05:00  INFO 40828 --- [gamestore] [    Test worker] c.m.e.g.i.ReviewIntegrationTests         : Started ReviewIntegrationTests in 2.933 seconds (process running for 3.757)
2024-11-26T20:08:17.598-05:00  INFO 40828 --- [gamestore] [o-auto-1-exec-1] o.a.c.c.C.[Tomcat].[localhost].[/]       : Initializing Spring DispatcherServlet 'dispatcherServlet'
2024-11-26T20:08:17.598-05:00  INFO 40828 --- [gamestore] [o-auto-1-exec-1] o.s.web.servlet.DispatcherServlet        : Initializing Servlet 'dispatcherServlet'
2024-11-26T20:08:17.599-05:00  INFO 40828 --- [gamestore] [o-auto-1-exec-1] o.s.web.servlet.DispatcherServlet        : Completed initialization in 1 ms
2024-11-26T20:08:17.920-05:00  WARN 40828 --- [gamestore] [-auto-1-exec-10] .w.s.m.s.DefaultHandlerExceptionResolver : Resolved [org.springframework.web.bind.MethodArgumentNotValidException: Validation failed for argument [1] in public ca.mcgill.ecse321group1.gamestore.dto.ReviewResponseDto ca.mcgill.ecse321group1.gamestore.controller.ReviewController.editReviewById(int,ca.mcgill.ecse321group1.gamestore.dto.ReviewRequestDto): [Field error in object 'reviewRequestDto' on field 'content': rejected value [null]; codes [NotBlank.reviewRequestDto.content,NotBlank.content,NotBlank.java.lang.String,NotBlank]; arguments [org.springframework.context.support.DefaultMessageSourceResolvable: codes [reviewRequestDto.content,content]; arguments []; default message [content]]; default message [Review must not be blank!]] ]
]]></system-out>
  <system-err><![CDATA[WARNING: A Java agent has been loaded dynamically (/Users/izhang2/.gradle/caches/modules-2/files-2.1/net.bytebuddy/byte-buddy-agent/1.14.19/154da3a65b4f4a909d3e5bdec55d1b2b4cbb6ce1/byte-buddy-agent-1.14.19.jar)
WARNING: If a serviceability tool is in use, please run with -XX:+EnableDynamicAgentLoading to hide this warning
WARNING: If a serviceability tool is not in use, please run with -Djdk.instrument.traceUsage for more information
WARNING: Dynamic loading of agents will be disallowed by default in a future release
]]></system-err>
</testsuite>
