<?xml version="1.0" encoding="UTF-8"?>
<testsuite name="ca.mcgill.ecse321group1.gamestore.Repository.StaffRepositoryTests" tests="1" skipped="0" failures="0" errors="0" timestamp="2024-11-04T06:46:35" hostname="Zacharys-MBP" time="0.006">
  <properties/>
  <testcase name="testPersistAndLoadStaff()" classname="ca.mcgill.ecse321group1.gamestore.Repository.StaffRepositoryTests" time="0.006"/>
  <system-out><![CDATA[2024-11-04T01:46:35.153-05:00  INFO 58944 --- [gamestore] [    Test worker] t.c.s.AnnotationConfigContextLoaderUtils : Could not detect default configuration classes for test class [ca.mcgill.ecse321group1.gamestore.Repository.StaffRepositoryTests]: StaffRepositoryTests does not declare any static, non-private, non-final, nested classes annotated with @Configuration.
2024-11-04T01:46:35.153-05:00  INFO 58944 --- [gamestore] [    Test worker] .b.t.c.SpringBootTestContextBootstrapper : Found @SpringBootConfiguration ca.mcgill.ecse321group1.gamestore.GamestoreApplication for test class ca.mcgill.ecse321group1.gamestore.Repository.StaffRepositoryTests
]]></system-out>
  <system-err><![CDATA[]]></system-err>
</testsuite>
