<?xml version="1.0" encoding="UTF-8"?>
<testsuite name="ca.mcgill.ecse321group1.gamestore.integration.OfferIntegrationTests" tests="8" skipped="0" failures="0" errors="0" timestamp="2024-12-05T04:46:30" hostname="Ivans-MacBook-Air.local" time="0.081">
  <properties/>
  <testcase name="testCreateValidOffer()" classname="ca.mcgill.ecse321group1.gamestore.integration.OfferIntegrationTests" time="0.024"/>
  <testcase name="testCreateInvalidOffer()" classname="ca.mcgill.ecse321group1.gamestore.integration.OfferIntegrationTests" time="0.005"/>
  <testcase name="testGetValidOffer()" classname="ca.mcgill.ecse321group1.gamestore.integration.OfferIntegrationTests" time="0.005"/>
  <testcase name="testGetInvalidOffer()" classname="ca.mcgill.ecse321group1.gamestore.integration.OfferIntegrationTests" time="0.006"/>
  <testcase name="testEditOfferMissingParameters()" classname="ca.mcgill.ecse321group1.gamestore.integration.OfferIntegrationTests" time="0.013"/>
  <testcase name="testEditOffer()" classname="ca.mcgill.ecse321group1.gamestore.integration.OfferIntegrationTests" time="0.01"/>
  <testcase name="testDeleteNonexistingOffer()" classname="ca.mcgill.ecse321group1.gamestore.integration.OfferIntegrationTests" time="0.008"/>
  <testcase name="testDeleteOffer()" classname="ca.mcgill.ecse321group1.gamestore.integration.OfferIntegrationTests" time="0.008"/>
  <system-out><![CDATA[2024-12-04T23:46:30.868-05:00  INFO 94147 --- [gamestore] [    Test worker] t.c.s.AnnotationConfigContextLoaderUtils : Could not detect default configuration classes for test class [ca.mcgill.ecse321group1.gamestore.integration.OfferIntegrationTests]: OfferIntegrationTests does not declare any static, non-private, non-final, nested classes annotated with @Configuration.
2024-12-04T23:46:30.868-05:00  INFO 94147 --- [gamestore] [    Test worker] .b.t.c.SpringBootTestContextBootstrapper : Found @SpringBootConfiguration ca.mcgill.ecse321group1.gamestore.GamestoreApplication for test class ca.mcgill.ecse321group1.gamestore.integration.OfferIntegrationTests
]]></system-out>
  <system-err><![CDATA[]]></system-err>
</testsuite>
